 
                                                                                                                                                                                                                                                                
 
 
Fit Statistics

Target=SalePrice Target Label=SalePrice

   Fit
Statistics    Statistics Label                            Train        Validation

 _DFT_        Total Degrees of Freedom                   193.00               .  
 _DFE_        Degrees of Freedom for Error               150.00               .  
 _DFM_        Model Degrees of Freedom                    43.00               .  
 _NW_         Number of Estimated Weights                 43.00               .  
 _AIC_        Akaike's Information Criterion            3725.88               .  
 _SBC_        Schwarz's Bayesian Criterion              3866.18               .  
 _ASE_        Average Squared Error                155086291.64      279221039.01
 _MAX_        Maximum Absolute Error                   37684.58          60251.00
 _DIV_        Divisor for ASE                            193.00            145.00
 _NOBS_       Sum of Frequencies                         193.00            145.00
 _RASE_       Root Average Squared Error               12453.36          16709.91
 _SSE_        Sum of Squared Errors              29931654287.42    40487050655.86
 _SUMW_       Sum of Case Weights Times Freq             193.00            145.00
 _FPE_        Final Prediction Error               244002432.19               .  
 _MSE_        Mean Squared Error                   199544361.92      279221039.01
 _RFPE_       Root Final Prediction Error              15620.58               .  
 _RMSE_       Root Mean Squared Error                  14126.02          16709.91
 _AVERR_      Average Error Function               155086291.64      279221039.01
 _ERR_        Error Function                     29931654287.42    40487050655.86
 _MISC_       Misclassification Rate                        .                 .  
 _WRONG_      Number of Wrong Classifications               .                 .  
 
                                                                                                                                                                                                                                                                
 
 
Assessment Score Rankings

Data Role=TRAIN Target Variable=SalePrice Target Label=SalePrice

           Number of       Mean         Mean
Depth    Observations     Target     Predicted

   5          11         91495.00     84419.56
  10          12         85357.42     83552.96
  15           8         84437.88     81572.43
  20           8         77854.00     80445.95
  25          11         82361.82     77997.85
  30           8         76807.38     75787.88
  35          12         75640.08     75533.84
  40          12         77699.25     74679.68
  45          12         75075.83     73286.57
  50           5         72774.40     72996.17
  55           8         72912.63     72601.32
  60           9         74843.00     72164.63
  65          11         72036.91     71820.36
  70          10         71936.80     71099.39
  75           8         69915.50     70600.90
  80          10         72994.80     70436.53
  85          10         61847.80     69511.10
  90          11         68051.82     68605.42
  95           8         64964.25     67408.66
 100           9         64370.22     66190.97


Data Role=VALIDATE Target Variable=SalePrice Target Label=SalePrice

           Number of       Mean         Mean
Depth    Observations     Target     Predicted

   5           8         95488.38     84428.62
  10          11         70952.82     81359.11
  15           3         67455.67     80405.89
  20           7         62822.57     80088.48
  25           8         79789.88     77654.08
  30           9         65894.89     76026.38
  35           5         71829.40     75736.00
  40           7         71928.71     75333.33
  45           8         79236.50     74224.78
  50          10         75509.50     74065.84
  55           6         75385.17     73331.11
  60           6         66850.50     73029.47
  65           7         75705.86     72396.74
  70           7         73262.71     71921.44
  75          10         77081.20     71280.77
  80           4         65572.75     70967.04
  85           8         64265.75     70542.63
  90          11         71598.64     69783.00
  95           3         70333.00     68156.98
 100           7         60222.29     66393.00
 
                                                                                                                                                                                                                                                                
 
 
Assessment Score Distribution

Data Role=TRAIN Target Variable=SalePrice Target Label=SalePrice

                            Mean         Mean        Number of       Model
 Range for Predicted       Target     Predicted    Observations      Score

83638.048 -  84577.016    88466.88     84344.17         17         84107.53
82699.081 -  83638.048    87799.50     82899.98          6         83168.56
81760.114 -  82699.081    80191.50     82461.38          4         82229.60
79882.179 -  80821.146    84209.40     80435.82         15         80351.66
78943.212 -  79882.179    78024.00     79665.62          1         79412.70
76126.310 -  77065.277    77483.43     76867.84          7         76595.79
75187.343 -  76126.310    74401.17     75584.13         24         75656.83
74248.375 -  75187.343    85633.50     75173.13          2         74717.86
73309.408 -  74248.375    78673.75     73960.76          8         73778.89
72370.441 -  73309.408    74549.50     72989.14         22         72839.92
71431.473 -  72370.441    73439.67     71989.93         21         71900.96
70492.506 -  71431.473    72115.25     70789.34         24         70961.99
69553.539 -  70492.506    65905.14     70127.33          7         70023.02
68614.571 -  69553.539    64518.33     69159.83         12         69084.05
67675.604 -  68614.571    71297.90     68201.89         10         68145.09
66736.637 -  67675.604    57945.50     67028.11          2         67206.12
65797.669 -  66736.637    61776.55     66281.50         11         66267.15


Data Role=VALIDATE Target Variable=SalePrice Target Label=SalePrice

                            Mean         Mean        Number of       Model
 Range for Predicted       Target     Predicted    Observations      Score

83628.834 -  84577.016    95488.38     84428.62          8         84102.92
82680.652 -  83628.834    67016.00     82899.98          2         83154.74
81732.469 -  82680.652    54058.00     82182.92          2         82206.56
79836.105 -  80784.287    70644.44     80370.09         18         80310.20
78887.923 -  79836.105    78850.00     79506.34          1         79362.01
76991.559 -  77939.741    80703.00     77107.81          2         77465.65
76043.377 -  76991.559    73570.17     76838.88          6         76517.47
75095.194 -  76043.377    69536.95     75615.16         19         75569.29
74147.012 -  75095.194    79236.50     74224.78          8         74621.10
73198.830 -  74147.012    76052.84     73698.92         19         73672.92
72250.648 -  73198.830    68322.71     72665.14          7         72724.74
71302.466 -  72250.648    78152.43     71866.94         14         71776.56
70354.284 -  71302.466    65829.26     70816.14         19         70828.37
69406.102 -  70354.284    72206.00     70033.11          5         69880.19
68457.920 -  69406.102    70414.67     69306.13          6         68932.01
67509.737 -  68457.920    79267.00     68350.58          1         67983.83
66561.555 -  67509.737    59975.33     66740.01          6         67035.65
65613.373 -  66561.555    63934.00     65764.21          2         66087.46
