 
                                                                                                                                                                                                                                                                
 
 
Fit Statistics

Target=SalePrice Target Label=SalePrice

   Fit
Statistics    Statistics Label                           Train        Validation

 _NW_         Number of Estimated Weights                10.00               .  
 _NOBS_       Sum of Frequencies                        218.00            145.00
 _SUMW_       Sum of Case Weights Times Freq            218.00            145.00
 _DFT_        Total Degrees of Freedom                  218.00               .  
 _DFM_        Model Degrees of Freedom                   10.00               .  
 _DFE_        Degrees of Freedom for Error              208.00               .  
 _ASE_        Average Squared Error               243918859.15      287566345.96
 _RASE_       Root Average Squared Error              15617.90          16957.78
 _DIV_        Divisor for ASE                           218.00            145.00
 _SSE_        Sum of Squared Errors             53174311294.78    41697120164.18
 _MSE_        Mean Squared Error                  255645727.38      287566345.96
 _RMSE_       Root Mean Squared Error                 15988.93          16957.78
 _AVERR_      Average Error Function              243918859.15      287566345.96
 _ERR_        Error Function                    53174311294.78    41697120164.18
 _MAX_        Maximum Absolute Error                  80557.50          65447.19
 _FPE_        Final Prediction Error              267372595.61               .  
 _RFPE_       Root Final Prediction Error             16351.53               .  
 _AIC_        Akaike's Information Criterion           4230.09               .  
 _SBC_        Schwarz's Bayesian Criterion             4263.94               .  
 
                                                                                                                                                                                                                                                                
 
 
Assessment Score Rankings

Data Role=TRAIN Target Variable=SalePrice Target Label=SalePrice

           Number of        Mean         Mean
Depth    Observations      Target     Predicted

   5          12          79846.50     87997.17
  10          10         100709.20     84531.37
  15          11          85264.27     82456.46
  20          11          88438.27     80923.09
  25          11          69255.00     79636.38
  30          11          74703.09     77931.57
  35          11          89421.73     76354.41
  40          11          78607.27     75166.19
  45          11          72647.36     74858.51
  50          10          73240.80     74437.45
  55          11          75225.64     73999.60
  60          11          77996.09     73613.84
  65          11          72748.09     73233.29
  70          12          68624.58     72869.64
  75          10          72940.50     72364.12
  80          11          65984.73     71748.02
  85          14          72942.71     70477.17
  90           8          64480.88     69604.75
  95          12          65833.00     67801.52
 100           9          70418.44     66716.53


Data Role=VALIDATE Target Variable=SalePrice Target Label=SalePrice

           Number of       Mean         Mean
Depth    Observations     Target     Predicted

   5           8         71154.63     86931.25
  10           7         87889.43     84311.79
  15           7         74528.00     82551.62
  20           7         64065.57     78954.36
  25           8         73935.13     76728.23
  30           7         84738.29     75562.47
  35           8         77315.63     75144.31
  40           6         79949.83     74910.33
  45           8         77055.38     74457.45
  50           7         68418.57     74012.44
  55           7         67732.43     73712.97
  60           7         73830.00     73184.66
  65           9         68324.00     72867.63
  70           6         68943.67     72605.20
  75           7         66074.43     72311.12
  80           7         74541.29     71937.41
  85           9         75408.67     71213.70
  90           6         62929.00     69883.35
  95           7         64727.14     67977.65
 100           7         69579.00     67042.94
 
                                                                                                                                                                                                                                                                
 
 
Assessment Score Distribution

Data Role=TRAIN Target Variable=SalePrice Target Label=SalePrice

                             Mean         Mean        Number of       Model
 Range for Predicted        Target     Predicted    Observations      Score

91157.528 -  92470.438    106821.00     92003.03          2         91813.98
88531.709 -  89844.619     88820.00     89483.06          1         89188.16
87218.800 -  88531.709     67224.50     87704.91          4         87875.25
85905.891 -  87218.800     88042.67     86838.10          3         86562.35
84592.981 -  85905.891     84854.50     85169.05          6         85249.44
83280.072 -  84592.981    102067.25     84096.38          8         83936.53
81967.162 -  83280.072     82013.00     82401.92          6         82623.62
80654.253 -  81967.162     88349.18     81252.86         11         81310.71
79341.344 -  80654.253     74014.00     80077.97         11         79997.80
78028.434 -  79341.344     70135.67     78654.38          9         78684.89
76715.525 -  78028.434     80371.56     77130.69          9         77371.98
75402.616 -  76715.525     92869.33     76083.64          6         76059.07
74089.706 -  75402.616     75404.79     74849.11         33         74746.16
72776.797 -  74089.706     73536.96     73416.66         45         73433.25
71463.887 -  72776.797     71497.83     72150.52         18         72120.34
70150.978 -  71463.887     69083.94     70612.09         18         70807.43
68838.069 -  70150.978     65381.00     69655.59          6         69494.52
67525.159 -  68838.069     68640.63     68149.81          8         68181.61
66212.250 -  67525.159     67440.07     66971.12         14         66868.70


Data Role=VALIDATE Target Variable=SalePrice Target Label=SalePrice

                             Mean         Mean        Number of       Model
 Range for Predicted        Target     Predicted    Observations      Score

89765.181 -  91040.000    120422.00     91040.00          1         90402.59
88490.362 -  89765.181     81743.00     88557.88          1         89127.77
85940.725 -  87215.544     63104.00     86649.72          2         86578.13
84665.906 -  85940.725     60216.00     85638.17          4         85303.32
83391.087 -  84665.906     87079.56     84135.22          9         84028.50
82116.269 -  83391.087     75635.67     82951.73          3         82753.68
80841.450 -  82116.269     65020.00     81486.00          1         81478.86
79566.631 -  80841.450     64073.50     80096.42          4         80204.04
78291.812 -  79566.631     76176.00     78551.38          2         78929.22
77016.994 -  78291.812     63479.33     77542.63          6         77654.40
75742.175 -  77016.994     82898.20     76019.54          5         76379.58
74467.356 -  75742.175     78504.08     75062.71         25         75104.77
73192.537 -  74467.356     71758.86     73815.74         21         73829.95
71917.719 -  73192.537     68223.29     72602.69         28         72555.13
70642.900 -  71917.719     76665.18     71557.98         11         71280.31
69368.081 -  70642.900     66558.33     70343.92          6         70005.49
68093.262 -  69368.081     56561.40     68614.70          5         68730.67
66818.444 -  68093.262     71276.30     67488.91         10         67455.85
65543.625 -  66818.444     66164.00     65543.63          1         66181.03
