 
                                                                                                                                                                                                                                                                
 
 
Fit Statistics

Target=SalePrice Target Label=SalePrice

   Fit
Statistics    Statistics Label                            Train        Validation

 _DFT_        Total Degrees of Freedom                   218.00               .  
 _DFE_        Degrees of Freedom for Error               142.00               .  
 _DFM_        Model Degrees of Freedom                    76.00               .  
 _NW_         Number of Estimated Weights                 76.00               .  
 _AIC_        Akaike's Information Criterion            4319.37               .  
 _SBC_        Schwarz's Bayesian Criterion              4576.59               .  
 _ASE_        Average Squared Error                200506770.82      286604073.09
 _MAX_        Maximum Absolute Error                   77831.38          67578.35
 _DIV_        Divisor for ASE                            218.00            145.00
 _NOBS_       Sum of Frequencies                         218.00            145.00
 _RASE_       Root Average Squared Error               14160.04          16929.38
 _SSE_        Sum of Squared Errors              43710476038.46    41557590597.98
 _SUMW_       Sum of Case Weights Times Freq             218.00            145.00
 _FPE_        Final Prediction Error               415133736.77               .  
 _MSE_        Mean Squared Error                   307820253.79      286604073.09
 _RFPE_       Root Final Prediction Error              20374.83               .  
 _RMSE_       Root Mean Squared Error                  17544.81          16929.38
 _AVERR_      Average Error Function               200506770.82      286604073.09
 _ERR_        Error Function                     43710476038.46    41557590597.98
 _MISC_       Misclassification Rate                        .                 .  
 _WRONG_      Number of Wrong Classifications               .                 .  
 
                                                                                                                                                                                                                                                                
 
 
Assessment Score Rankings

Data Role=TRAIN Target Variable=SalePrice Target Label=SalePrice

           Number of        Mean         Mean
Depth    Observations      Target     Predicted

   5          11         104474.45     88590.58
  10          11          91913.91     86498.86
  15          11          75511.36     82974.85
  20          11          83868.73     82838.70
  25          11          90202.09     81954.95
  30          11          79243.82     79656.11
  35          11          79136.00     79244.34
  40          11          79900.27     78994.28
  45          11          78342.09     77751.09
  50          10          78590.20     76225.25
  55          11          75449.09     74995.40
  60          11          69517.82     73841.76
  65          11          68119.82     73493.51
  70          11          67820.73     73401.69
  75          11          66728.64     73391.92
  80          11          74421.45     73346.88
  85          11          64768.36     72391.58
  90          11          68313.91     70864.51
  95          11          65189.82     67308.34
 100          10          56652.40     66416.14


Data Role=VALIDATE Target Variable=SalePrice Target Label=SalePrice

           Number of       Mean         Mean
Depth    Observations     Target     Predicted

   5           8         94866.75     88354.09
  10           7         78279.00     83703.22
  15           7         66554.71     82845.66
  20           7         70989.86     82558.88
  25           8         68413.38     80120.04
  30           7         67722.00     78984.43
  35           7         74393.86     78250.41
  40           7         73889.86     77368.14
  45           8         75033.75     75965.38
  50           7         73997.71     75398.89
  55           7         73601.14     74850.28
  60           7         78762.29     74160.51
  65           8         71499.00     73693.07
  70           7         71223.57     73418.49
  75           7         69475.14     73392.70
  80           7         76571.14     73389.80
  85           8         69231.38     73179.10
  90           7         60684.00     71947.74
  95           7         72054.14     68389.28
 100           7         63334.43     66412.37
 
                                                                                                                                                                                                                                                                
 
 
Assessment Score Distribution

Data Role=TRAIN Target Variable=SalePrice Target Label=SalePrice

                             Mean         Mean        Number of       Model
 Range for Predicted        Target     Predicted    Observations      Score

87612.403 -  88729.318    102724.07     88430.49         14         88170.86
86495.489 -  87612.403     84832.33     87135.80          3         87053.95
85378.575 -  86495.489     99494.33     86066.20          3         85937.03
84261.660 -  85378.575     86521.00     84564.78          1         84820.12
83144.746 -  84261.660     95609.50     83654.45          2         83703.20
82027.832 -  83144.746     81334.15     82813.91         27         82586.29
80910.917 -  82027.832     88159.40     81191.04          5         81469.37
79794.003 -  80910.917     80446.67     80252.79          3         80352.46
78677.088 -  79794.003     79515.69     79222.34         29         79235.55
77560.174 -  78677.088     79024.40     78046.50         10         78118.63
76443.260 -  77560.174     77057.83     76623.38          6         77001.72
75326.345 -  76443.260     77088.20     75848.73         10         75884.80
74209.431 -  75326.345     75416.86     74629.60          7         74767.89
73092.517 -  74209.431     69321.69     73495.15         55         73650.97
71975.602 -  73092.517     65995.00     72312.09         14         72534.06
70858.688 -  71975.602     70464.75     71010.38          4         71417.15
69741.774 -  70858.688     66934.67     70103.74          3         70300.23
68624.859 -  69741.774     63005.00     68893.87          3         69183.32
67507.945 -  68624.859     61432.00     68453.44          1         68066.40
66391.030 -  67507.945     60582.06     66584.06         18         66949.49


Data Role=VALIDATE Target Variable=SalePrice Target Label=SalePrice

                             Mean         Mean        Number of       Model
 Range for Predicted        Target     Predicted    Observations      Score

87613.097 -  88730.060     91216.00     88591.36          7         88171.58
86496.133 -  87613.097    120422.00     86693.14          1         87054.61
85379.170 -  86496.133    102073.00     86286.66          1         85937.65
83145.243 -  84262.207     68702.67     83567.22          3         83703.73
82028.280 -  83145.243     73667.81     82802.95         16         82586.76
80911.317 -  82028.280     58604.67     81582.49          3         81469.80
79794.354 -  80911.317     74118.50     80511.99          2         80352.84
78677.390 -  79794.354     62991.80     79145.30         10         79235.87
77560.427 -  78677.390     75184.60     78210.62         10         78118.91
76443.464 -  77560.427     73617.67     77043.87          6         77001.95
75326.501 -  76443.464     73895.73     75754.66         11         75884.98
74209.537 -  75326.501     77906.67     74880.39         12         74768.02
73092.574 -  74209.537     71964.50     73521.71         40         73651.06
71975.611 -  73092.574     61937.67     72548.26          6         72534.09
70858.648 -  71975.611     64701.33     71363.81          3         71417.13
69741.684 -  70858.648     72503.00     70357.62          2         70300.17
68624.721 -  69741.684     72403.00     69072.64          1         69183.20
67507.758 -  68624.721     77991.50     67693.20          2         68066.24
66390.795 -  67507.758     63814.22     66493.03          9         66949.28
