MPRINT(EM_DIAGRAM):    data _null_;
MPRINT(EM_DIAGRAM):   call symput('NLDATE', strip(put(date(), NLDATE.)));
MPRINT(EM_DIAGRAM):   call symput('NLTIME', strip(put(datetime(), NLTIME.)));
MPRINT(EM_DIAGRAM):   run;
MPRINT(EM_DIAGRAM):   data _null_;
MPRINT(EM_DIAGRAM):   nldate= sasmsg("sashelp.dmine", "log_date_note", 'N', "November 10, 2015" );
MPRINT(EM_DIAGRAM):   nltime= sasmsg("sashelp.dmine", "log_time_note", 'N', "13:29:09" );
MPRINT(EM_DIAGRAM):   put "*------------------------------------------------------------*";
MPRINT(EM_DIAGRAM):   put "* Training Log";
MPRINT(EM_DIAGRAM):   put nldate;
MPRINT(EM_DIAGRAM):   put nltime;
MPRINT(EM_DIAGRAM):   put "*------------------------------------------------------------*";
MPRINT(EM_DIAGRAM):   run;
*------------------------------------------------------------*
* Training Log
Date:                November 10, 2015
Time:                13:29:09
*------------------------------------------------------------*
MPRINT(EM_DIAGRAM):    filename O28PMRL3 "C:\Users\sakerb01\Desktop\SAS EM 12.3 Tutorials _ Projects\Project_4\Workspaces\EMWS1\Varsel\EMTRAIN.out" encoding="UTF-8" NOBOM;
MPRINT(EM_DIAGRAM):   proc printto print=O28PMRL3 new;
MPRINT(EM_DIAGRAM):   run;
MPRINT(EM_DIAGRAM):    filename _LOG "C:\Users\sakerb01\Desktop\SAS EM 12.3 Tutorials _ Projects\Project_4\Workspaces\EMWS1\Varsel\EMLOG.log" encoding="UTF-8" NOBOM;
MPRINT(EM_DIAGRAM):    data _null_;
MPRINT(EM_DIAGRAM):   call symput('NLDATE', strip(put(date(), NLDATE.)));
MPRINT(EM_DIAGRAM):   call symput('NLTIME', strip(put(datetime(), NLTIME.)));
MPRINT(EM_DIAGRAM):   run;
MPRINT(EM_DIAGRAM):   data _null_;
MPRINT(EM_DIAGRAM):   nldate= sasmsg("sashelp.dmine", "log_date_note", 'N', "November 10, 2015" );
MPRINT(EM_DIAGRAM):   nltime= sasmsg("sashelp.dmine", "log_time_note", 'N', "13:29:09" );
MPRINT(EM_DIAGRAM):   file _LOG;
MPRINT(EM_DIAGRAM):   put "*------------------------------------------------------------*";
MPRINT(EM_DIAGRAM):   put "User:                sakerb01";
MPRINT(EM_DIAGRAM):   put nldate;
MPRINT(EM_DIAGRAM):   put nltime;
MPRINT(EM_DIAGRAM):   put "Site:                70080760";
MPRINT(EM_DIAGRAM):   put "Platform:            X64_7PRO";
MPRINT(EM_DIAGRAM):   put "Maintenance Release: 9.04.01M1P120413";
MPRINT(EM_DIAGRAM):   put "EM Version:          13.1";
MPRINT(EM_DIAGRAM):   put "* ";
MPRINT(EM_DIAGRAM):   run;
MPRINT(EM_DIAGRAM):    filename _LOGIN "C:\Users\sakerb01\Desktop\SAS EM 12.3 Tutorials _ Projects\Project_4\Workspaces\EMWS1\Varsel\EMTRAIN.log" encoding="UTF-8" NOBOM;
MPRINT(EM_COPYFILE):   data _null_;
MPRINT(EM_COPYFILE):   length line $20000;
MPRINT(EM_COPYFILE):   file _LOG MOD lrecl=20000;
MPRINT(EM_COPYFILE):   fid=fopen("_LOGIN",'i',20000,'v');
MPRINT(EM_COPYFILE):   if fid > 0 then do;
MPRINT(EM_COPYFILE):   do while(^fread(fid));
MPRINT(EM_COPYFILE):   rlen = frlen(fid);
MPRINT(EM_COPYFILE):   rc= fget(fid,line,20000);
MPRINT(EM_COPYFILE):   start = length(line)-length(left(line))+1;
MPRINT(EM_COPYFILE):   line=strip(line);
MPRINT(EM_COPYFILE):   put @start line;
MPRINT(EM_COPYFILE):   end;
MPRINT(EM_COPYFILE):   if fid > 0 then rc=fclose(fid);
MPRINT(EM_COPYFILE):   end;
MPRINT(EM_COPYFILE):   run;
MPRINT(EM_DIAGRAM):  ;
MPRINT(EM_DIAGRAM):   filename _LOGIN;
MPRINT(EM_DIAGRAM):    data _null_;
MPRINT(EM_DIAGRAM):   file _LOG mod;
MPRINT(EM_DIAGRAM):   put _page_;
MPRINT(EM_DIAGRAM):   run;
MPRINT(EM_DIAGRAM):   filename _LOGIN "C:\Users\sakerb01\Desktop\SAS EM 12.3 Tutorials _ Projects\Project_4\Workspaces\EMWS1\Varsel\EMSCORE.log" encoding="UTF-8" NOBOM;
MPRINT(EM_DIAGRAM):  ;
MPRINT(EM_DIAGRAM):   data _null_;
MPRINT(EM_DIAGRAM):   file _LOG mod;
MPRINT(EM_DIAGRAM):   put _page_;
MPRINT(EM_DIAGRAM):   run;
MPRINT(EM_DIAGRAM):    filename _LOGIN "C:\Users\sakerb01\Desktop\SAS EM 12.3 Tutorials _ Projects\Project_4\Workspaces\EMWS1\Varsel\EMREPORT.log" encoding="UTF-8" NOBOM;
MPRINT(EM_DIAGRAM):  ;
MPRINT(EM_DIAGRAM):   filename _LOGIN;
MPRINT(EM_DIAGRAM):    filename _LOG;
MPRINT(EM_DIAGRAM):    filename _OUT "C:\Users\sakerb01\Desktop\SAS EM 12.3 Tutorials _ Projects\Project_4\Workspaces\EMWS1\Varsel\EMOUTPUT.out" encoding="UTF-8" NOBOM;
MPRINT(EM_DIAGRAM):    data _null_;
MPRINT(EM_DIAGRAM):   call symput('NLDATE', strip(put(date(), NLDATE.)));
MPRINT(EM_DIAGRAM):   call symput('NLTIME', strip(put(datetime(), NLTIME.)));
MPRINT(EM_DIAGRAM):   run;
MPRINT(EM_DIAGRAM):   data _null_;
MPRINT(EM_DIAGRAM):   nldate= sasmsg("sashelp.dmine", "log_date_note", 'N', "November 10, 2015" );
MPRINT(EM_DIAGRAM):   nltime= sasmsg("sashelp.dmine", "log_time_note", 'N', "13:29:09" );
MPRINT(EM_DIAGRAM):   file _OUT;
MPRINT(EM_DIAGRAM):   put "*------------------------------------------------------------*";
MPRINT(EM_DIAGRAM):   put "User:                sakerb01";
MPRINT(EM_DIAGRAM):   put nldate;
MPRINT(EM_DIAGRAM):   put nltime;
MPRINT(EM_DIAGRAM):   put "*------------------------------------------------------------*";
MPRINT(EM_DIAGRAM):   put "* Training Output";
MPRINT(EM_DIAGRAM):   put "*------------------------------------------------------------*";
MPRINT(EM_DIAGRAM):   run;
MPRINT(EM_DIAGRAM):    filename _OUTIN "C:\Users\sakerb01\Desktop\SAS EM 12.3 Tutorials _ Projects\Project_4\Workspaces\EMWS1\Varsel\EMTRAIN.out" encoding="UTF-8" NOBOM;
MPRINT(EM_DIAGRAM):   ;
MPRINT(EM_COPYFILE):   data _null_;
MPRINT(EM_COPYFILE):   length line $20000;
MPRINT(EM_COPYFILE):   file _OUT MOD lrecl=20000;
MPRINT(EM_COPYFILE):   fid=fopen("_OUTIN",'i',20000,'v');
MPRINT(EM_COPYFILE):   if fid > 0 then do;
MPRINT(EM_COPYFILE):   do while(^fread(fid));
MPRINT(EM_COPYFILE):   rlen = frlen(fid);
MPRINT(EM_COPYFILE):   rc= fget(fid,line,20000);
MPRINT(EM_COPYFILE):   start = length(line)-length(left(line))+1;
MPRINT(EM_COPYFILE):   line=strip(line);
MPRINT(EM_COPYFILE):   put @start line;
MPRINT(EM_COPYFILE):   end;
MPRINT(EM_COPYFILE):   if fid > 0 then rc=fclose(fid);
MPRINT(EM_COPYFILE):   end;
MPRINT(EM_COPYFILE):   run;
MPRINT(EM_DIAGRAM):  ;
MPRINT(EM_DIAGRAM):   filename _OUTIN;
MPRINT(EM_DIAGRAM):    data _null_;
MPRINT(EM_DIAGRAM):   file _OUT mod;
MPRINT(EM_DIAGRAM):   put _page_;
MPRINT(EM_DIAGRAM):   put // "*------------------------------------------------------------*";
MPRINT(EM_DIAGRAM):   put "* Score Output";
MPRINT(EM_DIAGRAM):   put "*------------------------------------------------------------*";
MPRINT(EM_DIAGRAM):   run;
MPRINT(EM_DIAGRAM):    filename _OUTIN "C:\Users\sakerb01\Desktop\SAS EM 12.3 Tutorials _ Projects\Project_4\Workspaces\EMWS1\Varsel\EMSCORE.out" encoding="UTF-8" NOBOM;
MPRINT(EM_DIAGRAM):  ;
MPRINT(EM_DIAGRAM):   filename _OUTIN;
MPRINT(EM_DIAGRAM):    data _null_;
MPRINT(EM_DIAGRAM):   file _OUT mod;
MPRINT(EM_DIAGRAM):   put _page_;
MPRINT(EM_DIAGRAM):   put // "*------------------------------------------------------------*";
MPRINT(EM_DIAGRAM):   put "* Report Output";
MPRINT(EM_DIAGRAM):   put "*------------------------------------------------------------*";
MPRINT(EM_DIAGRAM):   run;
MPRINT(EM_DIAGRAM):    filename _OUTIN "C:\Users\sakerb01\Desktop\SAS EM 12.3 Tutorials _ Projects\Project_4\Workspaces\EMWS1\Varsel\EMREPORT.out" encoding="UTF-8" NOBOM;
MPRINT(EM_DIAGRAM):  ;
MPRINT(EM_DIAGRAM):   filename _OUTIN;
MPRINT(EM_DIAGRAM):    filename _OUT;
MPRINT(EM_DIAGRAM):    filename _emtool_ 'C:\Users\sakerb01\Desktop\SAS EM 12.3 Tutorials _ Projects\Project_4\Workspaces\EMWS1\Varsel\EMRUNSTATUS.xml' encoding="UTF-8" NOBOM;
81071      proc freq data=EMWS1.Varsel_VariableSet noprint;
MPRINT(EM_DIAGRAM):    proc freq data=EMWS1.Varsel_VariableSet noprint;
81072      table ROLE*LEVEL/out=WORK.VarselMETA;
MPRINT(EM_DIAGRAM):   table ROLE*LEVEL/out=WORK.VarselMETA;
81073      run;
MPRINT(EM_DIAGRAM):   run;

NOTE: There were 17 observations read from the data set EMWS1.VARSEL_VARIABLESET.
NOTE: The data set WORK.VARSELMETA has 4 observations and 4 variables.
NOTE: PROCEDURE FREQ used (Total process time):
      real time           0.04 seconds
      cpu time            0.04 seconds
      

81074      proc print data=WORK.VarselMETA label noobs;
MPRINT(EM_DIAGRAM):   proc print data=WORK.VarselMETA label noobs;
81075      var ROLE LEVEL COUNT;
MPRINT(EM_DIAGRAM):   var ROLE LEVEL COUNT;
81076      label ROLE = "%sysfunc(sasmsg(sashelp.dmine, meta_role_vlabel, NOQUOTE))" LEVEL = "%sysfunc(sasmsg(sashelp.dmine, meta_level_vlabel, NOQUOTE))" COUNT = "%sysfunc(sasmsg(sashelp.dmine, rpt_count_vlabel, NOQUOTE))";
MPRINT(EM_DIAGRAM):   label ROLE = "Role" LEVEL = "Measurement Level" COUNT = "Frequency Count";
81077      title9 ' ';
MPRINT(EM_DIAGRAM):   title9 ' ';
81078      title10 "%sysfunc(sasmsg(sashelp.dmine, rpt_varSummary_title  , NOQUOTE))";
MPRINT(EM_DIAGRAM):   title10 "Variable Summary";
MPRINT(EM_DIAGRAM):   run;
81079      run;

NOTE: There were 4 observations read from the data set WORK.VARSELMETA.
NOTE: The PROCEDURE PRINT printed page 29.
NOTE: PROCEDURE PRINT used (Total process time):
      real time           0.03 seconds
      cpu time            0.03 seconds
      

81080      title10;
MPRINT(EM_DIAGRAM):   title10;
81081      data WORK.M2Y21XK9;
MPRINT(EM_DIAGRAM):    data WORK.M2Y21XK9;
81082      set WORK.M2Y21XK9;
MPRINT(EM_DIAGRAM):   set WORK.M2Y21XK9;
81083      if role = 'TARGET' and use = 'Y' then do;
MPRINT(EM_DIAGRAM):   if role = 'TARGET' and use = 'Y' then do;
81084      role = 'TARGET';
MPRINT(EM_DIAGRAM):   role = 'TARGET';
81085      output;
MPRINT(EM_DIAGRAM):   output;
81086      end;
MPRINT(EM_DIAGRAM):   end;
81087      if role = 'INPUT' and use in ('Y','D','N') then do;
MPRINT(EM_DIAGRAM):   if role = 'INPUT' and use in ('Y','D','N') then do;
81088      role = 'INPUT';
MPRINT(EM_DIAGRAM):   role = 'INPUT';
81089      output;
MPRINT(EM_DIAGRAM):   output;
81090      end;
MPRINT(EM_DIAGRAM):   end;
81091      if role = 'REJECTED' and use = 'Y' then do;
MPRINT(EM_DIAGRAM):   if role = 'REJECTED' and use = 'Y' then do;
81092      role = 'INPUT';
MPRINT(EM_DIAGRAM):   role = 'INPUT';
81093      output;
MPRINT(EM_DIAGRAM):   output;
81094      end;
MPRINT(EM_DIAGRAM):   end;
81095      if role = 'FREQ' and use in ('Y', 'D') then do;
MPRINT(EM_DIAGRAM):   if role = 'FREQ' and use in ('Y', 'D') then do;
81096      role = 'FREQ';
MPRINT(EM_DIAGRAM):   role = 'FREQ';
81097      output;
MPRINT(EM_DIAGRAM):   output;
81098      end;
MPRINT(EM_DIAGRAM):   end;
81099      if role = 'REJECTED' and use in ('N', 'D') then do;
MPRINT(EM_DIAGRAM):   if role = 'REJECTED' and use in ('N', 'D') then do;
81100      role = 'REJECTED';
MPRINT(EM_DIAGRAM):   role = 'REJECTED';
81101      output;
MPRINT(EM_DIAGRAM):   output;
81102      end;
MPRINT(EM_DIAGRAM):   end;
81103      run;
MPRINT(EM_DIAGRAM):   run;

NOTE: There were 17 observations read from the data set WORK.M2Y21XK9.
NOTE: The data set WORK.M2Y21XK9 has 17 observations and 21 variables.
NOTE: DATA statement used (Total process time):
      real time           0.01 seconds
      cpu time            0.01 seconds
      

81104      /*by pass cmeta */
81105      data WORK.M2Y21XK9;
MPRINT(EM_DIAGRAM):    data WORK.M2Y21XK9;
81106      set WORK.M2Y21XK9;
MPRINT(EM_DIAGRAM):   set WORK.M2Y21XK9;
81107      run;
MPRINT(EM_DIAGRAM):   run;

NOTE: There were 17 observations read from the data set WORK.M2Y21XK9.
NOTE: The data set WORK.M2Y21XK9 has 17 observations and 21 variables.
NOTE: DATA statement used (Total process time):
      real time           0.01 seconds
      cpu time            0.01 seconds
      

81108      data WORK.M1TLLFPP;
MPRINT(EM_DIAGRAM):    data WORK.M1TLLFPP;
81109      set WORK.M1TLLFPP;
MPRINT(EM_DIAGRAM):   set WORK.M1TLLFPP;
81110      if role = 'INPUT' and use in ('N') then delete;
MPRINT(EM_DIAGRAM):   if role = 'INPUT' and use in ('N') then delete;
81111      if role = 'REJECTED' and use in ('N', 'D') then delete;
MPRINT(EM_DIAGRAM):   if role = 'REJECTED' and use in ('N', 'D') then delete;
81112      run;
MPRINT(EM_DIAGRAM):   run;

NOTE: There were 17 observations read from the data set WORK.M1TLLFPP.
NOTE: The data set WORK.M1TLLFPP has 17 observations and 21 variables.
NOTE: DATA statement used (Total process time):
      real time           0.01 seconds
      cpu time            0.01 seconds
      

NOTE: Run proc dmdb with the specified maxlevel criterion. 
81113      *------------------------------------------------------------* ;
MPRINT(EM_DIAGRAM):    *------------------------------------------------------------* ;
81114      * EM: DMDBClass Macro ;
MPRINT(EM_DIAGRAM):   * EM: DMDBClass Macro ;
81115      *------------------------------------------------------------* ;
MPRINT(EM_DIAGRAM):   *------------------------------------------------------------* ;
81116      %macro DMDBClass;
81117          BasementType(ASC) CentralAir(ASC) GarageType(ASC) LotSize(ASC)
81118         Neighborhood(ASC) WallType(ASC)
81119      %mend DMDBClass;
81120      *------------------------------------------------------------* ;
MPRINT(EM_DIAGRAM):   *------------------------------------------------------------* ;
81121      * EM: DMDBVar Macro ;
MPRINT(EM_DIAGRAM):   * EM: DMDBVar Macro ;
81122      *------------------------------------------------------------* ;
MPRINT(EM_DIAGRAM):   *------------------------------------------------------------* ;
81123      %macro DMDBVar;
81124          Age Basement Baths ConstructionType FirePlace FirstFloor GarageSize SalePrice
81125         SecondFloor TotalArea UpperArea
81126      %mend DMDBVar;
81127      *------------------------------------------------------------*;
MPRINT(EM_DIAGRAM):   *------------------------------------------------------------*;
81128      * EM: Create DMDB;
MPRINT(EM_DIAGRAM):   * EM: Create DMDB;
81129      *------------------------------------------------------------*;
MPRINT(EM_DIAGRAM):   *------------------------------------------------------------*;
81130      libname _spdslib SPDE "C:\Users\sakerb01\AppData\Local\Temp\SAS Temporary Files\_TD4732_COB-IT-M10_\Prc2";
MPRINT(EM_DIAGRAM):   libname _spdslib SPDE "C:\Users\sakerb01\AppData\Local\Temp\SAS Temporary Files\_TD4732_COB-IT-M10_\Prc2";
NOTE: Libref _SPDSLIB was successfully assigned as follows: 
      Engine:        SPDE 
      Physical Name: C:\Users\sakerb01\AppData\Local\Temp\SAS Temporary Files\_TD4732_COB-IT-M10_\Prc2\
81131      proc dmdb batch data=EMWS1.Filter_TRAIN
81132      dmdbcat=WORK.EM_DMDB
81133      maxlevel = 101
81134      out=_spdslib.EM_DMDB
81135      ;
MPRINT(EM_DIAGRAM):   proc dmdb batch data=EMWS1.Filter_TRAIN dmdbcat=WORK.EM_DMDB maxlevel = 101 out=_spdslib.EM_DMDB ;
MPRINT(EM_DIAGRAM):   class
81136      class %DMDBClass;
MPRINT(DMDBCLASS):   BasementType(ASC) CentralAir(ASC) GarageType(ASC) LotSize(ASC) Neighborhood(ASC) WallType(ASC)
MPRINT(EM_DIAGRAM):  ;
MPRINT(EM_DIAGRAM):   var
81137      var %DMDBVar;
MPRINT(DMDBVAR):   Age Basement Baths ConstructionType FirePlace FirstFloor GarageSize SalePrice SecondFloor TotalArea UpperArea
MPRINT(EM_DIAGRAM):  ;
81138      target
81139      SalePrice
81140      ;
MPRINT(EM_DIAGRAM):   target SalePrice ;
81141      run;
MPRINT(EM_DIAGRAM):   run;

NOTE: Records processed = 193   Memory used = 511K.
NOTE: View EMWS1.FILTER_TRAIN.VIEW used (Total process time):
      real time           0.07 seconds
      cpu time            0.07 seconds
      
NOTE: There were 218 observations read from the data set EMWS1.PART_TRAIN.
NOTE: There were 193 observations read from the data set EMWS1.FILTER_TRAIN.
NOTE: The data set _SPDSLIB.EM_DMDB has 193 observations and 17 variables.
NOTE: PROCEDURE DMDB used (Total process time):
      real time           0.10 seconds
      cpu time            0.12 seconds
      

MPRINT(EM_DIAGRAM):   quit;
81142      quit;

MPRINT(EM_DIAGRAM):   reset noprint;
MPRINT(EM_DIAGRAM):   select count(*) into :_tmpnobs from EMWS1.Filter_TRAIN;
NOTE: View EMWS1.FILTER_TRAIN.VIEW used (Total process time):
      real time           0.06 seconds
      cpu time            0.06 seconds
      
NOTE: There were 218 observations read from the data set EMWS1.PART_TRAIN.
MPRINT(EM_DIAGRAM):   quit;
81143      *------------------------------------------------------------* ;
MPRINT(EM_DIAGRAM):    *------------------------------------------------------------* ;
81144      * Varsel: Input Variables Macro ;
MPRINT(EM_DIAGRAM):   * Varsel: Input Variables Macro ;
81145      *------------------------------------------------------------* ;
MPRINT(EM_DIAGRAM):   *------------------------------------------------------------* ;
81146      %macro INPUTS;
81147                     AGE BASEMENT BASEMENTTYPE BATHS CENTRALAIR CONSTRUCTIONTYPE FIREPLACE
81148                    FirstFloor GARAGESIZE GARAGETYPE LOTSIZE NEIGHBORHOOD SECONDFLOOR TOTALAREA
81149         UpperArea WALLTYPE
81150      %mend INPUTS;
81151      proc dmine data=_spdslib.EM_DMDB dmdbcat=WORK.EM_DMDB
81152      minr2=0.005 maxrows=3000 stopr2=0.0005 NOAOV16 NOINTER USEGROUPS OUTGROUP=EMWS1.Varsel_OUTGROUP outest=EMWS1.Varsel_OUTESTDMINE outeffect=EMWS1.Varsel_OUTEFFECT outrsquare =EMWS1.Varsel_OUTRSQUARE
81153      NOMONITOR
81154      PSHORT
81155      ;
MPRINT(EM_DIAGRAM):   proc dmine data=_spdslib.EM_DMDB dmdbcat=WORK.EM_DMDB minr2=0.005 maxrows=3000 stopr2=0.0005 NOAOV16 NOINTER USEGROUPS OUTGROUP=EMWS1.Varsel_OUTGROUP outest=EMWS1.Varsel_OUTESTDMINE outeffect=EMWS1.Varsel_OUTEFFECT outrsquare 
=EMWS1.Varsel_OUTRSQUARE NOMONITOR PSHORT ;
MPRINT(EM_DIAGRAM):   var
81156      var %INPUTS;
MPRINT(INPUTS):   AGE BASEMENT BASEMENTTYPE BATHS CENTRALAIR CONSTRUCTIONTYPE FIREPLACE FirstFloor GARAGESIZE GARAGETYPE LOTSIZE NEIGHBORHOOD SECONDFLOOR TOTALAREA UpperArea WALLTYPE
MPRINT(EM_DIAGRAM):  ;
81157      target SalePrice;
MPRINT(EM_DIAGRAM):   target SalePrice;
81158      code file="C:\Users\sakerb01\Desktop\SAS EM 12.3 Tutorials _ Projects\Project_4\Workspaces\EMWS1\Varsel\EMFLOWSCORE.sas";
MPRINT(EM_DIAGRAM):   code file="C:\Users\sakerb01\Desktop\SAS EM 12.3 Tutorials _ Projects\Project_4\Workspaces\EMWS1\Varsel\EMFLOWSCORE.sas";
81159      code file="C:\Users\sakerb01\Desktop\SAS EM 12.3 Tutorials _ Projects\Project_4\Workspaces\EMWS1\Varsel\EMPUBLISHSCORE.sas";
MPRINT(EM_DIAGRAM):   code file="C:\Users\sakerb01\Desktop\SAS EM 12.3 Tutorials _ Projects\Project_4\Workspaces\EMWS1\Varsel\EMPUBLISHSCORE.sas";
81160      run;
MPRINT(EM_DIAGRAM):   run;

NOTE: Checking database engine with sqluse...
NOTE: Number of threads reset to 1 because of fewer partitions.

Initial pass to compute R2s for all targets
193 records read
NOTE: The full X'X matrix has 21 rows and columns.

Building X'X  for target: SalePrice rows=22 memory=0.00 meg.
193 records read
NOTE: External file C:\Users\sakerb01\Desktop\SAS EM 12.3 Tutorials _ Projects\Project_4\Workspaces\EMWS1\Varsel\EMFLOWSCORE.sas opened.
NOTE: External file C:\Users\sakerb01\Desktop\SAS EM 12.3 Tutorials _ Projects\Project_4\Workspaces\EMWS1\Varsel\EMPUBLISHSCORE.sas opened.
NOTE: There were 193 observations read from the data set _SPDSLIB.EM_DMDB.
NOTE: The data set EMWS1.VARSEL_OUTGROUP has 0 observations and 8 variables.
NOTE: The data set EMWS1.VARSEL_OUTESTDMINE has 11 observations and 23 variables.
NOTE: The data set EMWS1.VARSEL_OUTEFFECT has 10 observations and 6 variables.
NOTE: The data set EMWS1.VARSEL_OUTRSQUARE has 54 observations and 4 variables.
NOTE: The PROCEDURE DMINE printed pages 30-33.
NOTE: PROCEDURE DMINE used (Total process time):
      real time           0.14 seconds
      cpu time            0.14 seconds
      

MPRINT(EM_DIAGRAM):   quit;
MPRINT(EM_DIAGRAM):   run;
81161      quit;
81162      /*      proc print data =EMWS1.Varsel_OUTEFFECT;      proc print data =EMWS1.Varsel_OUTRSQUARE;      */
81163      run;

81164      data EMWS1.Varsel_OUTESTDMINE;
MPRINT(EM_DIAGRAM):    data EMWS1.Varsel_OUTESTDMINE;
81165      set EMWS1.Varsel_OUTESTDMINE;
MPRINT(EM_DIAGRAM):   set EMWS1.Varsel_OUTESTDMINE;
81166      _uname_=upcase(_name_);
MPRINT(EM_DIAGRAM):   _uname_=upcase(_name_);
81167      run;
MPRINT(EM_DIAGRAM):   run;

NOTE: There were 11 observations read from the data set EMWS1.VARSEL_OUTESTDMINE.
NOTE: The data set EMWS1.VARSEL_OUTESTDMINE has 11 observations and 24 variables.
NOTE: DATA statement used (Total process time):
      real time           0.01 seconds
      cpu time            0.01 seconds
      

81168      proc sql;
MPRINT(EM_DIAGRAM):    proc sql;
81169      create table _tmpoutgroup as select distinct VARIABLE from EMWS1.Varsel_OUTGROUP where VARTYPE='GROUP';
MPRINT(EM_DIAGRAM):   create table _tmpoutgroup as select distinct VARIABLE from EMWS1.Varsel_OUTGROUP where VARTYPE='GROUP';
NOTE: Table WORK._TMPOUTGROUP created, with 0 rows and 1 columns.

81170      quit;
MPRINT(EM_DIAGRAM):   quit;
NOTE: PROCEDURE SQL used (Total process time):
      real time           0.01 seconds
      cpu time            0.01 seconds
      

MPRINT(EM_DIAGRAM):   run;
81171      run;

81172      data EMWS1.Varsel_OUTAOV16;
MPRINT(EM_DIAGRAM):    data EMWS1.Varsel_OUTAOV16;
81173      set EMWS1.Varsel_OUTGROUP;
MPRINT(EM_DIAGRAM):   set EMWS1.Varsel_OUTGROUP;
81174      if STRIP(VARTYPE) eq 'AOV16' then output;
MPRINT(EM_DIAGRAM):   if STRIP(VARTYPE) eq 'AOV16' then output;
81175      DROP VARTYPE LEVEL LEVEL2 VARIABLE2;
MPRINT(EM_DIAGRAM):   DROP VARTYPE LEVEL LEVEL2 VARIABLE2;
81176      label NAME= "Name";
MPRINT(EM_DIAGRAM):   label NAME= "Name";
81177      label GROUP = "Group";
MPRINT(EM_DIAGRAM):   label GROUP = "Group";
81178      label VARIABLE = "Variable";
MPRINT(EM_DIAGRAM):   label VARIABLE = "Variable";
81179      label BIN = "Bin Cutoff";
MPRINT(EM_DIAGRAM):   label BIN = "Bin Cutoff";
81180      run;
MPRINT(EM_DIAGRAM):   run;

NOTE: There were 0 observations read from the data set EMWS1.VARSEL_OUTGROUP.
NOTE: The data set EMWS1.VARSEL_OUTAOV16 has 0 observations and 4 variables.
NOTE: DATA statement used (Total process time):
      real time           0.01 seconds
      cpu time            0.01 seconds
      

81181      data EMWS1.Varsel_OUTGINT;
MPRINT(EM_DIAGRAM):   data EMWS1.Varsel_OUTGINT;
81182      set EMWS1.Varsel_OUTGROUP;
MPRINT(EM_DIAGRAM):   set EMWS1.Varsel_OUTGROUP;
81183      if STRIP(VARTYPE) eq 'GINTER' then output;
MPRINT(EM_DIAGRAM):   if STRIP(VARTYPE) eq 'GINTER' then output;
81184      DROP VARTYPE BIN;
MPRINT(EM_DIAGRAM):   DROP VARTYPE BIN;
81185      label NAME= "Name";
MPRINT(EM_DIAGRAM):   label NAME= "Name";
81186      label GROUP = "Group";
MPRINT(EM_DIAGRAM):   label GROUP = "Group";
81187      label VARIABLE = "Variable 1";
MPRINT(EM_DIAGRAM):   label VARIABLE = "Variable 1";
81188      label VARIABLE2 = "Variable 2";
MPRINT(EM_DIAGRAM):   label VARIABLE2 = "Variable 2";
81189      label LEVEL = "Level 1";
MPRINT(EM_DIAGRAM):   label LEVEL = "Level 1";
81190      label LEVEL2 = "Level 2";
MPRINT(EM_DIAGRAM):   label LEVEL2 = "Level 2";
81191      run;
MPRINT(EM_DIAGRAM):   run;

NOTE: There were 0 observations read from the data set EMWS1.VARSEL_OUTGROUP.
NOTE: The data set EMWS1.VARSEL_OUTGINT has 0 observations and 6 variables.
NOTE: DATA statement used (Total process time):
      real time           0.01 seconds
      cpu time            0.01 seconds
      

81192      data EMWS1.Varsel_OUTGVAR;
MPRINT(EM_DIAGRAM):   data EMWS1.Varsel_OUTGVAR;
81193      set EMWS1.Varsel_OUTGROUP;
MPRINT(EM_DIAGRAM):   set EMWS1.Varsel_OUTGROUP;
81194      if STRIP(VARTYPE) eq 'GROUP' then output;
MPRINT(EM_DIAGRAM):   if STRIP(VARTYPE) eq 'GROUP' then output;
81195      DROP VARTYPE BIN VARIABLE2 LEVEL2;
MPRINT(EM_DIAGRAM):   DROP VARTYPE BIN VARIABLE2 LEVEL2;
81196      label NAME= "Name";
MPRINT(EM_DIAGRAM):   label NAME= "Name";
81197      label GROUP = "Group";
MPRINT(EM_DIAGRAM):   label GROUP = "Group";
81198      label VARIABLE = "Variable";
MPRINT(EM_DIAGRAM):   label VARIABLE = "Variable";
81199      label LEVEL = "Level";
MPRINT(EM_DIAGRAM):   label LEVEL = "Level";
81200      run;
MPRINT(EM_DIAGRAM):   run;

NOTE: There were 0 observations read from the data set EMWS1.VARSEL_OUTGROUP.
NOTE: The data set EMWS1.VARSEL_OUTGVAR has 0 observations and 4 variables.
NOTE: DATA statement used (Total process time):
      real time           0.00 seconds
      cpu time            0.00 seconds
      

MPRINT(EM_DIAGRAM):   quit;
81201      quit;

81202      options nonotes nosource;
MPRINT(EM_DIAGRAM):    options nonotes nosource;
MPRINT(EM_DIAGRAM):   data _null_;
MPRINT(EM_DIAGRAM):   file print;
MPRINT(EM_DIAGRAM):   put ' ';
MPRINT(EM_DIAGRAM):   put '-------------------------------------------------------------------';
MPRINT(EM_DIAGRAM):   put "Summary of Variable Selection from Training";
MPRINT(EM_DIAGRAM):   put '-------------------------------------------------------------------';
MPRINT(EM_DIAGRAM):   put ' ';
MPRINT(EM_DIAGRAM):   put ' ';
MPRINT(EM_DIAGRAM):   put "Target Name : SalePrice";
MPRINT(EM_DIAGRAM):   put "Target Level : INTERVAL";
MPRINT(EM_DIAGRAM):   put "Variable Selection Model : R-Square";
MPRINT(EM_DIAGRAM):   put '  ';
MPRINT(EM_DIAGRAM):   put "Total number of inputs : 16";
MPRINT(EM_DIAGRAM):   put "Total number of used inputs : 16";
MPRINT(EM_DIAGRAM):   put "Total number of unused inputs : 0";
MPRINT(EM_DIAGRAM):   put "Total number of rejected inputs : 6";
MPRINT(EM_DIAGRAM):   put ' ';
MPRINT(EM_DIAGRAM):   put "Maximum missing percentage : 50";
MPRINT(EM_DIAGRAM):   put "NOTE: There is no rejected variable by maximum missing percentage";
MPRINT(EM_DIAGRAM):   put ' ';
MPRINT(EM_DIAGRAM):   put "Maximum class level : 100";
MPRINT(EM_DIAGRAM):   put "NOTE:There is no rejected variable by maximum class level";
MPRINT(EM_DIAGRAM):   put ' ';
MPRINT(EM_DIAGRAM):   options notes source;
MPRINT(EM_DIAGRAM):   run;
81227      run;

NOTE: 14 lines were written to file PRINT.
NOTE: The DATA step printed page 34.
NOTE: DATA statement used (Total process time):
      real time           0.04 seconds
      cpu time            0.04 seconds
      

81228      data EMWS1.Varsel_RESULTEDVARS;
MPRINT(EM_DIAGRAM):    data EMWS1.Varsel_RESULTEDVARS;
81229      run;
MPRINT(EM_DIAGRAM):   run;

NOTE: The data set EMWS1.VARSEL_RESULTEDVARS has 1 observations and 0 variables.
NOTE: DATA statement used (Total process time):
      real time           0.01 seconds
      cpu time            0.01 seconds
      

81230      libname _spdslib;
MPRINT(EM_DIAGRAM):    libname _spdslib;
NOTE: Libref _SPDSLIB has been deassigned.
MPRINT(EM_DIAGRAM):    proc printto;
MPRINT(EM_DIAGRAM):   run;
