 
                                                                                                                                                                                                                                                                
 
 
Fit Statistics

Target=SalePrice Target Label=SalePrice

   Fit
Statistics    Statistics Label                           Train        Validation

 _AIC_        Akaike's Information Criterion           3658.59               .  
 _ASE_        Average Squared Error               149333492.77      287483964.72
 _AVERR_      Average Error Function              149333492.77      287483964.72
 _DFE_        Degrees of Freedom for Error              180.00               .  
 _DFM_        Model Degrees of Freedom                   13.00               .  
 _DFT_        Total Degrees of Freedom                  193.00               .  
 _DIV_        Divisor for ASE                           193.00            145.00
 _ERR_        Error Function                    28821364104.73    41685174884.78
 _FPE_        Final Prediction Error              170903886.17               .  
 _MAX_        Maximum Absolute Error                  32830.79          62673.74
 _MSE_        Mean Square Error                   160118689.47      287483964.72
 _NOBS_       Sum of Frequencies                        193.00            145.00
 _NW_         Number of Estimate Weights                 13.00               .  
 _RASE_       Root Average Sum of Squares             12220.21          16955.35
 _RFPE_       Root Final Prediction Error             13073.02               .  
 _RMSE_       Root Mean Squared Error                 12653.80          16955.35
 _SBC_        Schwarz's Bayesian Criterion             3701.00               .  
 _SSE_        Sum of Squared Errors             28821364104.73    41685174884.78
 _SUMW_       Sum of Case Weights Times Freq            193.00            145.00
 
                                                                                                                                                                                                                                                                
 
 
Assessment Score Rankings

Data Role=TRAIN Target Variable=SalePrice Target Label=SalePrice

           Number of       Mean         Mean
Depth    Observations     Target     Predicted

   5          13         87578.46     88566.89
  10           7         83937.43     85453.65
  15           9         86794.00     84556.62
  20          10         82020.80     83196.69
  25          10         83587.20     80925.45
  30           9         76534.67     78716.44
  35          13         79863.15     76233.40
  40           7         70123.00     75315.21
  45           9         74752.67     74902.37
  50          11         67388.36     74176.37
  55          12         76431.83     73612.50
  60           6         77096.67     73332.93
  65          11         72307.27     72755.55
  70          13         76320.23     72276.65
  75           8         67741.25     71474.61
  80           7         67489.57     70988.13
  85          10         68961.80     69011.41
  90           9         71208.67     67315.97
  95          10         61959.30     64097.50
 100           9         61265.67     60106.91


Data Role=VALIDATE Target Variable=SalePrice Target Label=SalePrice

           Number of       Mean         Mean
Depth    Observations     Target     Predicted

   5           9         86201.78     89526.75
  10          10         80205.50     84289.99
  15           3         65241.00     83569.60
  20           8         69717.50     82400.62
  25           7         68050.29     81220.52
  30           7         69893.14     79130.64
  35           7         64955.57     77064.22
  40           7         75240.86     75531.99
  45          11         75937.73     74900.94
  50           6         64980.33     74605.96
  55           8         81235.25     74170.14
  60           5         81029.20     73610.32
  65           7         81051.43     73096.97
  70           7         74400.00     72667.79
  75           7         66722.57     71833.47
  80           7         66713.00     71419.01
  85           8         70493.13     70746.34
  90           7         68457.14     68198.21
  95           7         67844.43     64311.58
 100           7         62040.14     58269.30
 
                                                                                                                                                                                                                                                                
 
 
Assessment Score Distribution

Data Role=TRAIN Target Variable=SalePrice Target Label=SalePrice

                            Mean         Mean        Number of       Model
 Range for Predicted       Target     Predicted    Observations      Score

89984.779 -  91753.543    99403.00     90596.38          6         90869.16
88216.016 -  89984.779    71083.00     88328.63          1         89100.40
86447.252 -  88216.016    60992.00     87862.97          1         87331.63
84678.489 -  86447.252    83764.59     85554.82         17         85562.87
82909.725 -  84678.489    88145.25     84022.15          8         83794.11
81140.962 -  82909.725    80971.10     82229.26         10         82025.34
79372.198 -  81140.962    82657.33     80517.41          6         80256.58
77603.435 -  79372.198    76534.67     78716.44          9         78487.82
75834.671 -  77603.435    81434.50     76490.31          8         76719.05
74065.908 -  75834.671    72857.39     75039.94         28         74950.29
72297.144 -  74065.908    74251.68     73131.75         41         73181.53
70528.381 -  72297.144    69449.40     71441.42         20         71412.76
68759.617 -  70528.381    71394.80     69370.36          5         69644.00
66990.854 -  68759.617    68789.15     67865.58         13         67875.24
65222.090 -  66990.854    78334.00     66161.45          2         66106.47
63453.326 -  65222.090    63262.00     64256.71          7         64337.71
61684.563 -  63453.326    56603.40     62229.29          5         62568.94
59915.799 -  61684.563    63414.00     60617.59          2         60800.18
58147.036 -  59915.799    61625.00     59303.63          3         59031.42
56378.272 -  58147.036    56025.00     56378.27          1         57262.65


Data Role=VALIDATE Target Variable=SalePrice Target Label=SalePrice

                             Mean         Mean        Number of       Model
 Range for Predicted        Target     Predicted    Observations      Score

89919.654 -  91753.543     96390.60     91475.82          5         90836.60
88085.766 -  89919.654    102073.00     89717.22          1         89002.71
86251.877 -  88085.766     57758.00     87862.97          1         87168.82
84417.988 -  86251.877     79550.80     85012.77          5         85334.93
82584.100 -  84417.988     72283.56     83459.92         16         83501.04
80750.211 -  82584.100     67956.78     81301.79          9         81667.16
78916.323 -  80750.211     69834.33     79193.42          6         79833.27
77082.434 -  78916.323     60594.50     77890.40          4         77999.38
75248.546 -  77082.434     73215.25     76291.22          8         76165.49
73414.657 -  75248.546     75871.09     74484.69         33         74331.60
71580.769 -  73414.657     74058.00     72532.74         21         72497.71
69746.880 -  71580.769     68729.07     71060.25         15         70663.82
67912.992 -  69746.880     70914.00     68696.82          4         68829.94
66079.103 -  67912.992     61881.50     67175.22          4         66996.05
64245.214 -  66079.103     74329.50     65242.98          4         65162.16
60577.437 -  62411.326     62805.50     61554.24          2         61494.38
58743.549 -  60577.437     72094.33     59952.65          3         59660.49
56909.660 -  58743.549     60168.00     57650.46          3         57826.60
55075.772 -  56909.660     37494.00     55075.77          1         55992.72
