MPRINT(EM_DIAGRAM):    data _null_;
MPRINT(EM_DIAGRAM):   call symput('NLDATE', strip(put(date(), NLDATE.)));
MPRINT(EM_DIAGRAM):   call symput('NLTIME', strip(put(datetime(), NLTIME.)));
MPRINT(EM_DIAGRAM):   run;
MPRINT(EM_DIAGRAM):   data _null_;
MPRINT(EM_DIAGRAM):   nldate= sasmsg("sashelp.dmine", "log_date_note", 'N', "November 10, 2015" );
MPRINT(EM_DIAGRAM):   nltime= sasmsg("sashelp.dmine", "log_time_note", 'N', "13:02:30" );
MPRINT(EM_DIAGRAM):   put "*------------------------------------------------------------*";
MPRINT(EM_DIAGRAM):   put "* Training Log";
MPRINT(EM_DIAGRAM):   put nldate;
MPRINT(EM_DIAGRAM):   put nltime;
MPRINT(EM_DIAGRAM):   put "*------------------------------------------------------------*";
MPRINT(EM_DIAGRAM):   run;
*------------------------------------------------------------*
* Training Log
Date:                November 10, 2015
Time:                13:02:30
*------------------------------------------------------------*
MPRINT(EM_DIAGRAM):    filename O0NR5R_1 "C:\Users\sakerb01\Desktop\SAS EM 12.3 Tutorials _ Projects\Project_4\Workspaces\EMWS1\FIMPORT\EMTRAIN.out" encoding="UTF-8" NOBOM;
MPRINT(EM_DIAGRAM):   proc printto print=O0NR5R_1 new;
MPRINT(EM_DIAGRAM):   run;
MPRINT(EM_DIAGRAM):    filename _LOG "C:\Users\sakerb01\Desktop\SAS EM 12.3 Tutorials _ Projects\Project_4\Workspaces\EMWS1\FIMPORT\EMLOG.log" encoding="UTF-8" NOBOM;
MPRINT(EM_DIAGRAM):    data _null_;
MPRINT(EM_DIAGRAM):   call symput('NLDATE', strip(put(date(), NLDATE.)));
MPRINT(EM_DIAGRAM):   call symput('NLTIME', strip(put(datetime(), NLTIME.)));
MPRINT(EM_DIAGRAM):   run;
MPRINT(EM_DIAGRAM):   data _null_;
MPRINT(EM_DIAGRAM):   nldate= sasmsg("sashelp.dmine", "log_date_note", 'N', "November 10, 2015" );
MPRINT(EM_DIAGRAM):   nltime= sasmsg("sashelp.dmine", "log_time_note", 'N', "13:02:30" );
MPRINT(EM_DIAGRAM):   file _LOG;
MPRINT(EM_DIAGRAM):   put "*------------------------------------------------------------*";
MPRINT(EM_DIAGRAM):   put "User:                sakerb01";
MPRINT(EM_DIAGRAM):   put nldate;
MPRINT(EM_DIAGRAM):   put nltime;
MPRINT(EM_DIAGRAM):   put "Site:                70080760";
MPRINT(EM_DIAGRAM):   put "Platform:            X64_7PRO";
MPRINT(EM_DIAGRAM):   put "Maintenance Release: 9.04.01M1P120413";
MPRINT(EM_DIAGRAM):   put "EM Version:          13.1";
MPRINT(EM_DIAGRAM):   put "* ";
MPRINT(EM_DIAGRAM):   run;
MPRINT(EM_DIAGRAM):    filename _LOGIN "C:\Users\sakerb01\Desktop\SAS EM 12.3 Tutorials _ Projects\Project_4\Workspaces\EMWS1\FIMPORT\EMTRAIN.log" encoding="UTF-8" NOBOM;
MPRINT(EM_COPYFILE):   data _null_;
MPRINT(EM_COPYFILE):   length line $20000;
MPRINT(EM_COPYFILE):   file _LOG MOD lrecl=20000;
MPRINT(EM_COPYFILE):   fid=fopen("_LOGIN",'i',20000,'v');
MPRINT(EM_COPYFILE):   if fid > 0 then do;
MPRINT(EM_COPYFILE):   do while(^fread(fid));
MPRINT(EM_COPYFILE):   rlen = frlen(fid);
MPRINT(EM_COPYFILE):   rc= fget(fid,line,20000);
MPRINT(EM_COPYFILE):   start = length(line)-length(left(line))+1;
MPRINT(EM_COPYFILE):   line=strip(line);
MPRINT(EM_COPYFILE):   put @start line;
MPRINT(EM_COPYFILE):   end;
MPRINT(EM_COPYFILE):   if fid > 0 then rc=fclose(fid);
MPRINT(EM_COPYFILE):   end;
MPRINT(EM_COPYFILE):   run;
MPRINT(EM_DIAGRAM):  ;
MPRINT(EM_DIAGRAM):   filename _LOGIN;
MPRINT(EM_DIAGRAM):    data _null_;
MPRINT(EM_DIAGRAM):   file _LOG mod;
MPRINT(EM_DIAGRAM):   put _page_;
MPRINT(EM_DIAGRAM):   run;
MPRINT(EM_DIAGRAM):   filename _LOGIN "C:\Users\sakerb01\Desktop\SAS EM 12.3 Tutorials _ Projects\Project_4\Workspaces\EMWS1\FIMPORT\EMSCORE.log" encoding="UTF-8" NOBOM;
MPRINT(EM_DIAGRAM):  ;
MPRINT(EM_DIAGRAM):   data _null_;
MPRINT(EM_DIAGRAM):   file _LOG mod;
MPRINT(EM_DIAGRAM):   put _page_;
MPRINT(EM_DIAGRAM):   run;
MPRINT(EM_DIAGRAM):    filename _LOGIN "C:\Users\sakerb01\Desktop\SAS EM 12.3 Tutorials _ Projects\Project_4\Workspaces\EMWS1\FIMPORT\EMREPORT.log" encoding="UTF-8" NOBOM;
MPRINT(EM_DIAGRAM):  ;
MPRINT(EM_DIAGRAM):   filename _LOGIN;
MPRINT(EM_DIAGRAM):    filename _LOG;
MPRINT(EM_DIAGRAM):    filename _OUT "C:\Users\sakerb01\Desktop\SAS EM 12.3 Tutorials _ Projects\Project_4\Workspaces\EMWS1\FIMPORT\EMOUTPUT.out" encoding="UTF-8" NOBOM;
MPRINT(EM_DIAGRAM):    data _null_;
MPRINT(EM_DIAGRAM):   call symput('NLDATE', strip(put(date(), NLDATE.)));
MPRINT(EM_DIAGRAM):   call symput('NLTIME', strip(put(datetime(), NLTIME.)));
MPRINT(EM_DIAGRAM):   run;
MPRINT(EM_DIAGRAM):   data _null_;
MPRINT(EM_DIAGRAM):   nldate= sasmsg("sashelp.dmine", "log_date_note", 'N', "November 10, 2015" );
MPRINT(EM_DIAGRAM):   nltime= sasmsg("sashelp.dmine", "log_time_note", 'N', "13:02:30" );
MPRINT(EM_DIAGRAM):   file _OUT;
MPRINT(EM_DIAGRAM):   put "*------------------------------------------------------------*";
MPRINT(EM_DIAGRAM):   put "User:                sakerb01";
MPRINT(EM_DIAGRAM):   put nldate;
MPRINT(EM_DIAGRAM):   put nltime;
MPRINT(EM_DIAGRAM):   put "*------------------------------------------------------------*";
MPRINT(EM_DIAGRAM):   put "* Training Output";
MPRINT(EM_DIAGRAM):   put "*------------------------------------------------------------*";
MPRINT(EM_DIAGRAM):   run;
MPRINT(EM_DIAGRAM):    filename _OUTIN "C:\Users\sakerb01\Desktop\SAS EM 12.3 Tutorials _ Projects\Project_4\Workspaces\EMWS1\FIMPORT\EMTRAIN.out" encoding="UTF-8" NOBOM;
MPRINT(EM_DIAGRAM):   ;
MPRINT(EM_COPYFILE):   data _null_;
MPRINT(EM_COPYFILE):   length line $20000;
MPRINT(EM_COPYFILE):   file _OUT MOD lrecl=20000;
MPRINT(EM_COPYFILE):   fid=fopen("_OUTIN",'i',20000,'v');
MPRINT(EM_COPYFILE):   if fid > 0 then do;
MPRINT(EM_COPYFILE):   do while(^fread(fid));
MPRINT(EM_COPYFILE):   rlen = frlen(fid);
MPRINT(EM_COPYFILE):   rc= fget(fid,line,20000);
MPRINT(EM_COPYFILE):   start = length(line)-length(left(line))+1;
MPRINT(EM_COPYFILE):   line=strip(line);
MPRINT(EM_COPYFILE):   put @start line;
MPRINT(EM_COPYFILE):   end;
MPRINT(EM_COPYFILE):   if fid > 0 then rc=fclose(fid);
MPRINT(EM_COPYFILE):   end;
MPRINT(EM_COPYFILE):   run;
MPRINT(EM_DIAGRAM):  ;
MPRINT(EM_DIAGRAM):   filename _OUTIN;
MPRINT(EM_DIAGRAM):    data _null_;
MPRINT(EM_DIAGRAM):   file _OUT mod;
MPRINT(EM_DIAGRAM):   put _page_;
MPRINT(EM_DIAGRAM):   put // "*------------------------------------------------------------*";
MPRINT(EM_DIAGRAM):   put "* Score Output";
MPRINT(EM_DIAGRAM):   put "*------------------------------------------------------------*";
MPRINT(EM_DIAGRAM):   run;
MPRINT(EM_DIAGRAM):    filename _OUTIN "C:\Users\sakerb01\Desktop\SAS EM 12.3 Tutorials _ Projects\Project_4\Workspaces\EMWS1\FIMPORT\EMSCORE.out" encoding="UTF-8" NOBOM;
MPRINT(EM_DIAGRAM):  ;
MPRINT(EM_DIAGRAM):   filename _OUTIN;
MPRINT(EM_DIAGRAM):    data _null_;
MPRINT(EM_DIAGRAM):   file _OUT mod;
MPRINT(EM_DIAGRAM):   put _page_;
MPRINT(EM_DIAGRAM):   put // "*------------------------------------------------------------*";
MPRINT(EM_DIAGRAM):   put "* Report Output";
MPRINT(EM_DIAGRAM):   put "*------------------------------------------------------------*";
MPRINT(EM_DIAGRAM):   run;
MPRINT(EM_DIAGRAM):    filename _OUTIN "C:\Users\sakerb01\Desktop\SAS EM 12.3 Tutorials _ Projects\Project_4\Workspaces\EMWS1\FIMPORT\EMREPORT.out" encoding="UTF-8" NOBOM;
MPRINT(EM_DIAGRAM):  ;
MPRINT(EM_DIAGRAM):   filename _OUTIN;
MPRINT(EM_DIAGRAM):    filename _OUT;
MPRINT(EM_DIAGRAM):    filename _emtool_ 'C:\Users\sakerb01\Desktop\SAS EM 12.3 Tutorials _ Projects\Project_4\Workspaces\EMWS1\FIMPORT\EMRUNSTATUS.xml' encoding="UTF-8" NOBOM;
20961      proc freq data=EMWS1.FIMPORT_VariableSet noprint;
MPRINT(EM_DIAGRAM):    proc freq data=EMWS1.FIMPORT_VariableSet noprint;
20962      table ROLE*LEVEL/out=WORK.FIMPORTMETA;
MPRINT(EM_DIAGRAM):   table ROLE*LEVEL/out=WORK.FIMPORTMETA;
20963      run;
MPRINT(EM_DIAGRAM):   run;

NOTE: There were 17 observations read from the data set EMWS1.FIMPORT_VARIABLESET.
NOTE: The data set WORK.FIMPORTMETA has 4 observations and 4 variables.
NOTE: PROCEDURE FREQ used (Total process time):
      real time           0.01 seconds
      cpu time            0.01 seconds
      

20964      proc print data=WORK.FIMPORTMETA label noobs;
MPRINT(EM_DIAGRAM):   proc print data=WORK.FIMPORTMETA label noobs;
20965      var ROLE LEVEL COUNT;
MPRINT(EM_DIAGRAM):   var ROLE LEVEL COUNT;
20966      label ROLE = "%sysfunc(sasmsg(sashelp.dmine, meta_role_vlabel, NOQUOTE))" LEVEL = "%sysfunc(sasmsg(sashelp.dmine, meta_level_vlabel, NOQUOTE))" COUNT = "%sysfunc(sasmsg(sashelp.dmine, rpt_count_vlabel, NOQUOTE))";
MPRINT(EM_DIAGRAM):   label ROLE = "Role" LEVEL = "Measurement Level" COUNT = "Frequency Count";
20967      title9 ' ';
MPRINT(EM_DIAGRAM):   title9 ' ';
20968      title10 "%sysfunc(sasmsg(sashelp.dmine, rpt_varSummary_title  , NOQUOTE))";
MPRINT(EM_DIAGRAM):   title10 "Variable Summary";
MPRINT(EM_DIAGRAM):   run;
20969      run;

NOTE: There were 4 observations read from the data set WORK.FIMPORTMETA.
NOTE: The PROCEDURE PRINT printed page 1.
NOTE: PROCEDURE PRINT used (Total process time):
      real time           0.01 seconds
      cpu time            0.01 seconds
      

20970      title10;
MPRINT(EM_DIAGRAM):   title10;
20971      %let EMEXCEPTIONSTRING=;
MPRINT(EM_DIAGRAM):     *------------------------------------------------------------*;
MPRINT(EM_DIAGRAM):   * FIMPORT: Generation of macros and macro variables;
MPRINT(EM_DIAGRAM):   * To see the code generated, set the EM_DEBUG macro variable to SOURCE or _ALL_;
MPRINT(EM_DIAGRAM):   *------------------------------------------------------------*;
MPRINT(EM_DIAGRAM):   *------------------------------------------------------------*;
MPRINT(EM_DIAGRAM):   * FIMPORT: EM Macro Variables and Macros;
MPRINT(EM_DIAGRAM):   *------------------------------------------------------------*;
MPRINT(EM_DIAGRAM):   *------------------------------------------------------------* ;
MPRINT(EM_DIAGRAM):   * System Macro Variables;
MPRINT(EM_DIAGRAM):   *------------------------------------------------------------* ;
MPRINT(EM_DIAGRAM):   data _null_;
MPRINT(EM_DIAGRAM):   length string $2000;
MPRINT(EM_DIAGRAM):   string = 'Project_4';
MPRINT(EM_DIAGRAM):   call symput('EM_PROJECTNAME', trim(string));
MPRINT(EM_DIAGRAM):   string = 'P4';
MPRINT(EM_DIAGRAM):   call symput('EM_WSNAME', trim(string));
MPRINT(EM_DIAGRAM):   run;
MPRINT(EM_DIAGRAM):   *------------------------------------------------------------* ;
MPRINT(EM_DIAGRAM):   * Properties Macro Variables ;
MPRINT(EM_DIAGRAM):   *------------------------------------------------------------* ;
MPRINT(EM_DIAGRAM):   *------------------------------------------------------------*;
MPRINT(EM_DIAGRAM):   * Files Macro Variables;
MPRINT(EM_DIAGRAM):   *------------------------------------------------------------*;
MPRINT(EM_DIAGRAM):   *------------------------------------------------------------*;
MPRINT(EM_DIAGRAM):   * Import Macro Variables;
MPRINT(EM_DIAGRAM):   *------------------------------------------------------------*;
MPRINT(EM_DIAGRAM):   *------------------------------------------------------------*;
MPRINT(EM_DIAGRAM):   * Export Macro Variables;
MPRINT(EM_DIAGRAM):   *------------------------------------------------------------*;
MPRINT(EM_DIAGRAM):   *------------------------------------------------------------*;
MPRINT(EM_DIAGRAM):   * Decision Macro Variables;
MPRINT(EM_DIAGRAM):   *------------------------------------------------------------*;
MPRINT(EM_DIAGRAM):   *------------------------------------------------------------*;
MPRINT(EM_DIAGRAM):   * Statement Macro Variables;
MPRINT(EM_DIAGRAM):   *------------------------------------------------------------*;
MPRINT(EM_DIAGRAM):   *------------------------------------------------------------*;
MPRINT(EM_DIAGRAM):   * Variable Macros;
MPRINT(EM_DIAGRAM):   *------------------------------------------------------------*;
MPRINT(EM_DIAGRAM):   *------------------------------------------------------------*;
MPRINT(EM_DIAGRAM):   * General Variable Macros;
MPRINT(EM_DIAGRAM):   *------------------------------------------------------------*;
MPRINT(EM_DIAGRAM):   *------------------------------------------------------------*;
MPRINT(EM_DIAGRAM):   * Target Variable Macros;
MPRINT(EM_DIAGRAM):   *------------------------------------------------------------*;
MPRINT(EM_DIAGRAM):   *------------------------------------------------------------*;
MPRINT(EM_DIAGRAM):   * Input Variable Macros;
MPRINT(EM_DIAGRAM):   *------------------------------------------------------------*;
MPRINT(EM_DIAGRAM):   *------------------------------------------------------------*;
MPRINT(EM_DIAGRAM):   * Rejected Variable Macros;
MPRINT(EM_DIAGRAM):   *------------------------------------------------------------*;
MPRINT(EM_DIAGRAM):   *------------------------------------------------------------*;
MPRINT(EM_DIAGRAM):   * Misc Variable Macros;
MPRINT(EM_DIAGRAM):   *------------------------------------------------------------*;
MPRINT(EM_DIAGRAM):   *------------------------------------------------------------*;
MPRINT(EM_DIAGRAM):   * End Create EM Macro Variables and Macros;
MPRINT(EM_DIAGRAM):   *------------------------------------------------------------*;
21309      *------------------------------------------------------------*;
MPRINT(EM_DIAGRAM):    *------------------------------------------------------------*;
21310      * FIMPORT: Generation of macros and macro variables;
MPRINT(EM_DIAGRAM):   * FIMPORT: Generation of macros and macro variables;
21311      * To see the code generated, set the EM_DEBUG macro variable to SOURCE or _ALL_;
MPRINT(EM_DIAGRAM):   * To see the code generated, set the EM_DEBUG macro variable to SOURCE or _ALL_;
21312      *------------------------------------------------------------*;
MPRINT(EM_DIAGRAM):   *------------------------------------------------------------*;

21313      %let EMEXCEPTIONSTRING=;
21314      *------------------------------------------------------------*;
MPRINT(EM_DIAGRAM):    *------------------------------------------------------------*;
21315      * TRAIN: FIMPORT;
MPRINT(EM_DIAGRAM):   * TRAIN: FIMPORT;
21316      *------------------------------------------------------------*;
MPRINT(EM_DIAGRAM):   *------------------------------------------------------------*;
21317      %let EM_ACTION = TRAIN;
21318      %let syscc = 0;
21319      /* Fimport.source */
21320      %macro main;
21321            %if %upcase(&EM_ACTION) = CREATE %then %do;
21322               filename temp catalog 'sashelp.emsamp.Fimport_create.source';
21323               %include temp;
21324               filename temp;
21325               %create;
21326            %end;
21327            %else
21328            %if %upcase(&EM_ACTION) = TRAIN %then %do;
21329               filename temp catalog 'sashelp.emsamp.Fimport_train.source';
21330               %include temp;
21331               filename temp;
21332               %train;
21333            %end;
21334            %else
21335            %if %upcase(&EM_ACTION) = UPDATE %then %do;
21336               filename temp catalog 'sashelp.emsamp.Fimport_update.source';
21337               %include temp;
21338               filename temp;
21339               %update;
21340            %end;
21341            %else
21342            %if %upcase(&EM_ACTION) = PROPERTY %then %do;
21343               filename temp catalog 'sashelp.emsamp.Fimport_actions.source';
21344               %include temp;
21345               filename temp;
21346               %property;
21347            %end;
21348             %else
21349            %if %upcase(&EM_ACTION) = SCORE %then %do;
21350               filename temp catalog 'sashelp.emsamp.Fimport_score.source';
21351               %include temp;
21352               filename temp;
21353               %score;
21354            %end;
21355            %else
21356            %if %upcase(&EM_ACTION) = REPORT %then %do;
21357               filename temp catalog 'sashelp.emsamp.Fimport_report.source';
21358               %include temp;
21359               filename temp;
21360               %report;
21361            %end;
21362            %else
21363            %if %upcase(&EM_ACTION) = OPENVARIABLESET %then %do;
21364               filename temp catalog 'sashelp.emsamp.Fimport_actions.source';
21365               %include temp;
21366               filename temp;
21367               %openvariableset;
21368            %end;
21369            %else
21370            %if %upcase(&EM_ACTION) = CLOSEVARIABLESET %then %do;
21371               filename temp catalog 'sashelp.emsamp.Fimport_actions.source';
21372               %include temp;
21373               filename temp;
21374               %closevariableset;
21375            %end;
21376      %mend main;
21377      %main;
MPRINT(EM_DIAGRAM):    
MPRINT(MAIN):   filename temp catalog 'sashelp.emsamp.Fimport_train.source';
NOTE: %INCLUDE (level 1) file TEMP is file SASHELP.EMSAMP.FIMPORT_TRAIN.SOURCE.
21378     +%EM_GETNAME(key=USERIMPORTFILE, type=FILE, extension=txt);
MPRINT(MAIN):  ;
21379     +%macro appendExt;
21380     +   data _null_;
21381     +      tempuif =  trim("&EM_USER_USERIMPORTFILE");
21382     +      rfile = reverse(tempuif);
21383     +      period = indexc(rfile,".");
21384     +      uif = substr(tempuif, 1, length(tempuif)- period+1);
21385     +      newuif = trim(uif)||trim("&EM_PROPERTY_FILETYPE");
21386     +      call symput("EM_USER_USERIMPORTFILE",%bquote(newuif));
21387     +   run;
21388     +%mend appendExt;
21390     +%macro getNobs(ds);
21391     + %global dset nobs;
21392     + %let dset=&ds;
21393     + %let dsid = %sysfunc(open(&dset));
21394     + %if &dsid %then %do;
21395     +      %let nobs =%sysfunc(attrn(&dsid,nobs));
21396     +      %let rc = %sysfunc(close(&dsid));
21397     +   %end;
21398     + %else %put open for data set &dset failed - %sysfunc(sysmsg());
21399     +%mend getNobs;
21400     +%macro keepordrop;
21401     +  proc contents data=work.importfile noprint
21402     +  out=work.importattrs;
21403     +  run;
21404     +  %getNobs(work.importattrs);
21405     +  data _null_;
21406     +    set  work.importattrs;
21407     +    call symput("varname"||left(_n_),name);
21408     +  run;
21410     +  %put nobs=&nobs  maxcols=&EM_PROPERTY_MAXCOLS;
21411     +  /* importattrs contains 1 observation for each VARIABLE in the data set. */
21412     +  %if &nobs > &EM_PROPERTY_MAXCOLS %then %do;
21413     +     %let diff = %eval(&nobs - &EM_PROPERTY_MAXCOLS);
21414     +     %put diff=&diff;
21415     +     %if %eval(&diff ge &EM_PROPERTY_MAXCOLS) %then %do;
21416     +         %let kORd = keep;
21417     +             %let start=1;
21418     +             %let end = &EM_PROPERTY_MAXCOLS;
21419     +       %end;
21420     +     %else %do;
21421     +         %let kORd = drop;
21422     +             %let start = &EM_PROPERTY_MAXCOLS + 1;
21423     +             %let end = &nobs;
21424     +       %end;
21425     +     data &em_user_data;
21426     +        set &em_user_data;
21427     +        &kORd
21428     +        %do i = &start %to &end;
21429     +            &&varname&i
21430     +         %end;
21431     +        ;
21432     +     run;
21433     +%end;
21434     +%mend keepordrop;
21435     +%macro dropformatvars;
21436     +   %put fmtcnt=&fmtcnt;
21437     +   data new;
21438     +     set work.importfile;
21439     +     %do i = 1 %to &fmtcnt;
21440     +       x1zy&i =put(&&varname&i,&&fmt&i);
21441     +     %end;
21442     +   run;
21443     +   data new;
21444     +     set new;
21445     +     drop
21446     +     %do i = 1 %to &fmtcnt;
21447     +     &&varname&i
21448     +     %end;
21449     +     ;
21450     +   run;
21451     +   proc datasets library=work nolist;
21452     +     modify new;
21453     +     %do i = 1 %to &fmtcnt;
21454     +     rename x1zy&i=&&varname&i;
21455     +     %end;
21456     +   run; quit;
21457     +   data work.importfile;
21458     +     set new;
21459     +   run;
21460     +%mend;
21462     +%macro procimport(out=);
21463     +   %if %upcase(&EM_PROPERTY_FILETYPE)=MDB %then %do;
21464     +      proc import table=%sysfunc(trim(&EM_PROPERTY_ACCESSTABLE))
21465     +         out=&out
21466     +         dbms = ACCESS
21467     +         replace;
21468     +         database="%trim(&_IFILENAME)"
21469     +   %end;
21470     +   %else %do;
21471     +       proc import datafile="%trim(&_IFILENAME)"
21472     +          out=&out
21474     +      %put filetype=*&EM_PROPERTY_FILETYPE.*;
21475     +      %put delimiter=*&EM_PROPERTY_DELIMITER.*;
21476     +      %if %upcase(&EM_PROPERTY_FILETYPE) ^= TXT %then %do;
21477     +         dbms=&EM_PROPERTY_FILETYPE
21478     +      %end;
21479     +      %else %do;
21480     +         dbms=TAB
21481     +      %end;
21482     +      /* Work around for the following defects:S0560899 and S0560009.   */
21483     +      %let sasEnv=%sysfunc(getlocenv());
21484     +      %if %upcase(&EM_PROPERTY_FILETYPE) = XLS and %upcase(&sasEnv) ^= SBCS %then %do;
21485     +         dbms=EXCEL
21486     +      %end;
21488     +      replace;
21489     +      %if %substr(%upcase(&EM_PROPERTY_FILETYPE),1,2)=WK | %upcase(&EM_PROPERTY_FILETYPE)=XLS
21490     +       | %upcase(&EM_PROPERTY_FILETYPE)=DLM | %upcase(&EM_PROPERTY_FILETYPE)=CSV
21491     +       | %upcase(&EM_PROPERTY_FILETYPE)=TAB | %upcase(&EM_PROPERTY_FILETYPE)=TXT %then %do;
21492     +        %if %length(&EM_PROPERTY_NAMEROW) > 0 %then %do;
21493     +            getnames=&EM_PROPERTY_NAMEROW;
21494     +        %end;
21495     +      %end;
21496     +      %if %upcase(&EM_PROPERTY_FILETYPE)=CSV | %upcase(&EM_PROPERTY_FILETYPE)=DLM |
21497     +          %upcase(&EM_PROPERTY_FILETYPE=TXT)  %then %do;
21498     +         %if (%length(%trim(%bquote(&EM_PROPERTY_DELIMITER))) > 0) %then %do;
21499     +            %if "%upcase(&EM_PROPERTY_DELIMITER)"="SP" %then %do;
21500     +               delimiter=" ";
21501     +            %end;
21502     +            %else %if "%upcase(&EM_PROPERTY_DELIMITER)"="TAB" %then %do;
21503     +               /* Do not specifiy a delimiter */
21504     +            %end;
21505     +            %else %do;
21506     +               delimiter="&EM_PROPERTY_DELIMITER";
21507     +            %end;
21508     +         %end;
21509     +         %if %eval(&EM_PROPERTY_SKIPROWS > 0) %then %do;
21510     +            datarow=&EM_PROPERTY_SKIPROWS;
21511     +            /* Guessingrows must be >= skiprows */
21512     +            %if %eval(&EM_PROPERTY_GUESSROWS < &EM_PROPERTY_SKIPROWS ) %then %do;
21513     +              %let EM_PROPERTY_GUESSROWS = &EM_PROPERTY_SKIPROWS;
21514     +            %end;
21515     +         %end;
21516     +         %if %eval(&EM_PROPERTY_GUESSROWS > 0) %then %do;
21517     +            guessingrows=&EM_PROPERTY_GUESSROWS;
21518     +         %end;
21519     +       %end;
21520     +      %if %upcase(&EM_PROPERTY_FILETYPE)=DTA | %upcase(&EM_PROPERTY_FILETYPE)=JMP
21521     +                 | %upcase(&EM_PROPERTY_FILETYPE)=SAV %then %do;
21522     +            FMTLIB = work.formats;
21523     +      %end;
21524     +   %end;
21525     +   run;
21526     +%mend procimport;
21528     +%macro train;
21530     +   %let vvnString = %sysfunc(getoption(validvarname));
21532     +   %em_getname(key=DATA,           type=DATA);
21533     +   %em_getname(key=EMCMETADEFAULT, type=DATA);
21534     +   %em_getname(key=EMTMETADEFAULT, type=DATA);
21535     +   %em_getname(key=EMSTATDEFAULT, type=DATA);
21537     +   %appendExt;
21539     +   %let _IFILENAME = %nrbquote(%trim(&EM_PROPERTY_IFILENAME));
21540     +   %if %upcase(&EM_PROPERTY_IMPORTTYPE) = LOCAL %then %do;
21541     +       %if %nrbquote(%sysfunc(fileexist(&EM_USER_USERIMPORTFILE))) %then
21542     +           %let _IFILENAME = %nrbquote(&EM_USER_USERIMPORTFILE);
21543     +   %end;
21545     +   %if ^%sysfunc(fileexist(%nrbquote(&_IFILENAME))) %then %do;
21546     +       %let EMEXCEPTIONSTRING = exception.server.EMTOOL.NOTRAININGCODEFILE,%nrbquote(&_IFILENAME);
21547     +       %goto endtrain;
21548     +   %end;
21550     +   options validvarname=ANY;
21551     +   %procimport(out=work.importfile);
21553     +   %if %upcase(&EM_PROPERTY_FILETYPE) = DTA | %upcase(&EM_PROPERTY_FILETYPE) = JMP
21554     +              | %upcase(&EM_PROPERTY_FILETYPE)=SAV %then %do;
21555     +      %global fmtcnt;
21556     +      %let fmtcnt=0;
21557     +      proc contents data=work.importfile out=work.impattrs noprint;
21558     +      run;
21559     +      data _null_;
21560     +        set work.impattrs;
21561     +        if _n_=1 then i=0;
21562     +        if substr(format,1,1) ^= "$" and length(trim(format)) > 1 then do;
21563     +           i = i+1;
21564     +           varname = substr(name, 1, length(name));
21565     +           call symput("fmt"||left(i), trim(format)||".");
21566     +           call symput("varname"||left(i), varname);
21567     +           call symput("fmtcnt",left(i));
21568     +      end;
21569     +      retain i;
21570     +     run;
21571     +    %if &fmtcnt > 0 %then %do;
21572     +       %dropformatvars;
21573     +    %end;
21574     +    proc datasets lib=work memtype=data nolist;
21575     +        modify importfile;
21576     +        attrib _all_ format=;
21577     +    run;
21578     +    quit;
21579     +   %end;
21581     +   %let _fimportObs  = 0;
21582     +   %let _fimportVars = 0;
21583     +   %if %sysfunc(exist(work.importFile)) %then %do;
21584     +       %let dsid = %sysfunc(open(work.importFile));
21585     +       %if &dsid %then %do;
21586     +           %let _fimportObs  = %sysfunc(attrn(&dsid, NOBS));
21587     +           %let _fimportVars = %sysfunc(attrn(&dsid, NVARS));
21588     +       %let dsid = %sysfunc(close(&dsid));
21589     +       %end;
21590     +   %end;
21592     +   %if ^&_fimportObs %then %do;
21593     +       %let EMEXCEPTIONSTRING = exception.server.EMTOOL.FILE_NO_OBS;
21594     +       %goto endtrain;
21595     +   %end;
21596     +   %if ^&_fimportVars %then %do;
21597     +       %let EMEXCEPTIONSTRING = exception.server.EMTOOL.FILE_NO_VARS;
21598     +       %goto endtrain;
21599     +   %end;
21601     +   data &em_user_data;
21602     +      set work.importfile(obs=&EM_PROPERTY_MAXROWS);
21603     +   run;
21604     +   %keepordrop;
21606     +   %em_getname(key=EMSTAT,     type=DATA);
21608     +   proc datasets lib=&em_lib nolist;
21609     +      delete &em_nodeid._EMSTATDEFAULT &em_nodeid._EMINFO;
21610     +   run;
21612     +   %if "&em_property_advancedadvisor" eq "Y" %then %do;
21613     +        %EmAdviseColumns(&em_user_data, applyIntervalLevelLowerLimit=Y,
21614     +            intervalLevelLowerLimit=20, applyMaxPercentMissing=Y,
21615     +            maxPercentMissing=50, applyMaxClassLevels=Y,
21616     +            maxClassLevels=20, identifyEmptyColumns=Y,
21617     +            outdata=&em_user_EMCMETADEFAULT,
21618     +            computeStat=Y, statisticData=&em_user_EMSTATDEFAULT);
21620     +        data &em_user_emcmetadefault;
21621     +           set &em_user_emcmetadefault;
21622     +           drop nlevel pctmiss min max mean std skewness kurtosis;
21623     +        run;
21625     +        data &em_data_eminfo;
21626     +           length TARGET KEY $32  DATA $43;
21627     +           TARGET=""; KEY="STATS"; DATA="&em_user_emstatdefault"; output;
21628     +        run;
21630     +        %let EM_META_ADVISOR=ADVANCED;
21632     +   %end;
21633     +   %else %do;
21634     +       %EmAdviseColumns(&em_user_data, applyIntervalLevelLowerLimit=N,
21635     +            applyMaxPercentMissing=N, applyMaxClassLevels=N,
21636     +            identifyEmptyColumns=N,   maxLevelDetection=0,
21637     +            outdata=&em_user_EMCMETADEFAULT, computeStat=N, statisticData=WORK.STATISTIC);
21639     +            %if "&em_property_summarize" eq "Y" %then %do;
21640     +                %em_getname(key=EMSTAT,  type=DATA);
21641     +                data &em_data_eminfo;
21642     +                   length TARGET KEY $32  DATA $43;
21643     +                   TARGET=""; KEY="STATS"; DATA="&em_user_emstat"; output;
21644     +                run;
21645     +            %end;
21647     +        %let EM_META_ADVISOR=BASIC;
21649     +   %end;
21651     +   %em_getname(key=VVNLABEL, type=FILE, extension=sas);
21652     +   data _null_;
21653     +      fname = '_text';
21654     +      rc=filename(fname, "&em_user_vvnlabel");
21655     +      if ^rc and fexist(fname) then
21656     +         rc=fdelete(fname);
21657     +     rc=filename(fname);
21658     +   run;
21661     +   /* Validvarname Case */
21662     +   %let newNameFlag = 0;
21663     +   %if %sysfunc(exist(&em_user_EMCMETADEFAULT)) %then %do;
21664     +       %let dsid = %sysfunc(open(&em_user_EMCMETADEFAULT));
21665     +        %if &dsid %then %do;
21666     +            %let newNameFlag = %sysfunc(varnum(&dsid, NEWNAME));
21667     +            %let dsid = %sysfunc(close(&dsid));
21668     +       %end;
21669     +   %end;
21671     +   %if %sysevalf(&newNameFlag>0) %then %do;
21672     +       proc contents data=work.importfile noprint out=work._any(keep=VARNUM NAME LABEL);
21673     +       run;
21674     +       proc sort data=work._any; by VARNUM; run; quit;
21676     +       options validvarname=V7;
21678     +       %procimport(out=work.importfile2);
21680     +       options validvarname=ANY;
21682     +       proc contents data=work.importfile2 noprint out=work._v7(rename=(NAME=V7NAME) keep=VARNUM NAME LABEL);
21683     +       run;
21684     +       proc sort data=work._v7; by varnum; run; quit;
21686     +       filename _FI "&em_user_vvnlabel";
21687     +       data work._names;
21688     +          length string $200;
21689     +          merge work._v7 work._any;
21690     +          by VARNUM;
21691     +          file _FI;
21692     +          if V7NAME ne NAME then do;
21693     +             string = trim(V7NAME)!!'= "'!!tranwrd(trim(NAME), '"', '""')!!'"n;';
21694     +             put string;
21695     +             if LABEL eq '' then do;
21696     +                string = 'Label '!!trim(V7NAME)!!"='"!!tranwrd(trim(NAME), "'", "''")!!"';";
21697     +                put string;
21698     +             end;
21699     +             string='drop "'!!tranwrd(trim(NAME), '"', '""')!!'"n;';
21700     +             put string;
21701     +          end;
21702     +          drop string;
21703     +       run;
21704     +       data &em_user_data;
21705     +          set &em_user_data;
21706     +          %if %sysfunc(fileexist(%nrbquote(&em_user_vvnlabel))) %then %do;
21707     +              filename _FI "&em_user_vvnlabel";
21708     +              %inc _FI;
21709     +             filename _FI;
21710     +          %end;
21711     +       run;
21713     +       proc sort data=&em_user_EMCMETADEFAULT; by NAME; run;
21714     +       proc sort data=work._names;             by NAME; run;
21716     +       data &em_user_EMCMETADEFAULT;
21717     +         merge  &em_user_EMCMETADEFAULT _names;
21718     +         by NAME;
21719     +         length DROP $1;
21720     +         DROP='N';
21721     +         if NEWNAME ne NAME then do;
21722     +            if LABEL eq '' then do;
21723     +               LABEL = NAME;
21724     +            end;
21725     +            NAME=V7NAME;
21726     +         end;
21727     +         drop NEWNAME V7NAME VARNUM;
21728     +       run;
21730     +       proc datasets lib=work nolist;
21731     +          delete _any _v7 _names importfile2;
21732     +       run;
21733     +       quit;
21735     +   %end;
21736     +   %else %do;
21737     +       data &em_user_EMCMETADEFAULT;
21738     +          set &em_user_EMCMETADEFAULT;
21739     +          length DROP $1;
21740     +          DROP='N';
21741     +       run;
21742     +   %end;
21744     +    %EmAdviseTable(&em_user_data, outdata=&em_user_EMTMETADEFAULT, newdataflag=Y);
21746     +   data _temp;
21747     +      set &em_user_emtmetadefault(rename=(ROLE=PORT MEMNAME=DATASET CRDATE=MODTIME));
21748     +      keep PORT LIBNAME DATASET MODTIME COLUMNMETA COLUMNMETAMODTIME NOBS;
21749     +      PORT='DATA'; COLUMNMETA="&em_nodeid._EMCMETADEFAULT";
21750     +      COLUMNMETAMODTIME=MODTIME;
21751     +   run;
21752     +   proc sort data=&em_data_importset;
21753     +      by PORT;
21754     +   run;
21755     +   data &em_data_importset;
21756     +      merge &em_data_importset _temp;
21757     +      by PORT;
21758     +      if PORT='DATA' then ROLE="&em_property_role";
21759     +   run;
21761     +    %em_getname(key=VARIABLESETDELTA, type=FILE, extension=txt);
21763     +    %if %sysfunc(exist(&em_user_emcmetadefault)) %then %do;
21764     +        %if %sysfunc(fileexist(&em_user_variablesetdelta)) %then %do;
21765     +            filename x "&em_user_variablesetdelta";
21766     +            data &em_data_variableset;
21767     +               set &em_user_emcmetadefault;
21768     +               %inc X;
21769     +            run;
21770     +            filename x;
21771     +        %end;
21772     +        %else %do;
21773     +            data &em_data_variableset;
21774     +               set &em_user_emcmetadefault;
21775     +            run;
21776     +        %end;
21777     +    %end;
21779     +   %if %sysfunc(exist(&em_data_variableset)) and %sysfunc(exist(&em_user_emcmetadefault)) %then %do;
21780     +      proc compare compare=&em_data_variableset base=&em_user_emcmetadefault
21781     +         noprint outnoequal outbase outcomp out=_DiffMeta noprint;
21782     +         id NAME;
21783     +      run;
21785     +         filename x1 "&EM_FILE_CDELTA_TRAIN";
21786     +         data _null_;
21787     +            length string $200;
21788     +            set _DiffMeta end=eof;
21789     +            where _type_='COMPARE';
21790     +            file x1;
21791     +            string = 'if NAME="'!!strip(NAME)!!'" then do;';
21792     +            put string;
21793     +            string = '   ROLE="'!!strip(ROLE)!!'";';
21794     +            put string;
21795     +            string=  '   LEVEL="'!!strip(LEVEL)!!'";';
21796     +            put string;
21797     +            string = '   ORDER="'!!strip(ORDER)!!'";';
21798     +            put string;
21799     +            put 'end;';
21800     +            if drop='Y' then do;
21801     +               string='if NAME="'!!strip(NAME)!!'" then delete;';
21802     +               put string;
21803     +            end;
21804     +            if eof then
21805     +               put 'drop DROP;';
21806     +         run;
21808     +         %em_getname(key=DELTACODE,      type=FILE, extension=txt);
21809     +         filename x2 "&em_user_deltacode";
21810     +         %em_copyfile(infref=x1, outfref=x2);
21811     +         filename x1;
21812     +         filename x2;
21814     +         %em_getname(key=VARIABLESETDELTA, type=FILE, extension=txt);
21815     +         filename x "&em_user_variablesetdelta";
21816     +         data _null_;
21817     +            length string $200;
21818     +            set _DiffMeta end=eof;
21819     +            where _type_='COMPARE';
21820     +            file x;
21821     +            string = 'if NAME="'!!strip(NAME)!!'" then do;';
21822     +            put string;
21823     +            string = '   ROLE="'!!strip(ROLE)!!'";';
21824     +            put string;
21825     +            string=  '   LEVEL="'!!strip(LEVEL)!!'";';
21826     +            put string;
21827     +            string = '   ORDER="'!!strip(ORDER)!!'";';
21828     +            put string;
21829     +            string = '   DROP="'!!strip(DROP)!!'";';
21830     +            put string;
21831     +            put 'end;';
21832     +         run;
21833     +         filename x;
21834     +       proc datasets lib=work nolist;
21835     +          delete _DiffMeta;
21836     +       run;
21838     +       data &em_data_exportset;
21839     +          set &em_data_exportset;
21840     +          if NODEPORT='TRAIN' then do;
21841     +             ROLE="&em_property_role";
21842     +             COLUMNMETAMODTIME=datetime();
21843     +             MODTIME=datetime();
21844     +             DATASET="&em_nodeid._train";
21845     +             COLUMNMETA="&em_nodeid._CMeta_TRAIN";
21846     +             DELTACODE="CDelta_TRAIN";
21847     +             APPLYDELTA='Y';
21848     +             EXPORT='Y';
21849     +             NEEDUPDATE='Y';
21851     +            %if "&em_property_advancedadvisor" eq "Y" %then %do;
21852     +                EMINFO="&em_data_eminfo";
21853     +                EMINFOMODTIME=datetime();
21854     +            %end;
21855     +            %else %do;
21856     +                EMINFO='';
21857     +                EMINFOMODTIME=.;
21858     +            %end;
21859     +          end;
21860     +       run;
21861     +   %end;
21863     +  proc contents data=&em_user_data;
21864     +  run;
21865     +  proc datasets library=work nolist;
21866     +   delete importfile importattrs new;
21867     +   quit;
21868     +  run;
21870     +  /* Reset VALIDVARNAME to original settings */
21871     +  options validvarname=&vvnString;
21873     +  %endtrain:
21874     +%mend train;
NOTE: %INCLUDE (level 1) ending.
MPRINT(MAIN):   filename temp;
NOTE: Fileref TEMP has been deassigned.
MPRINT(TRAIN):  ;
MPRINT(TRAIN):  ;
MPRINT(TRAIN):  ;
MPRINT(TRAIN):  ;
MPRINT(APPENDEXT):   data _null_;
MPRINT(APPENDEXT):   tempuif = trim("C:\Users\sakerb01\Desktop\SAS EM 12.3 Tutorials _ Projects\Project_4\Workspaces\EMWS1\FIMPORT\USERIMPORTFILE.txt");
MPRINT(APPENDEXT):   rfile = reverse(tempuif);
MPRINT(APPENDEXT):   period = indexc(rfile,".");
MPRINT(APPENDEXT):   uif = substr(tempuif, 1, length(tempuif)- period+1);
MPRINT(APPENDEXT):   newuif = trim(uif)||trim("xlsx");
MPRINT(APPENDEXT):   call symput("EM_USER_USERIMPORTFILE",newuif);
MPRINT(APPENDEXT):   run;

NOTE: DATA statement used (Total process time):
      real time           0.00 seconds
      cpu time            0.00 seconds
      

MPRINT(TRAIN):  ;
MPRINT(TRAIN):   options validvarname=ANY;
MPRINT(PROCIMPORT):   proc import datafile=
filetype=*xlsx*
delimiter=*,*
MPRINT(PROCIMPORT):  "C:\Users\sakerb01\Desktop\SAS EM 12.3 Tutorials _ Projects\Project_4\Workspaces\EMWS1\FIMPORT\USERIMPORTFILE.xlsx" out=work.importfile dbms=xlsx replace;
MPRINT(PROCIMPORT):   RXLX;
MPRINT(PROCIMPORT):   run;

NOTE: The import data set has 363 observations and 17 variables.
NOTE: WORK.IMPORTFILE data set was successfully created.
NOTE: PROCEDURE IMPORT used (Total process time):
      real time           0.07 seconds
      cpu time            0.07 seconds
      

MPRINT(TRAIN):  ;
MPRINT(TRAIN):   data EMWS1.FIMPORT_DATA;
MPRINT(TRAIN):   set work.importfile(obs=1000000);
MPRINT(TRAIN):   run;

NOTE: There were 363 observations read from the data set WORK.IMPORTFILE.
NOTE: The data set EMWS1.FIMPORT_DATA has 363 observations and 17 variables.
NOTE: DATA statement used (Total process time):
      real time           0.00 seconds
      cpu time            0.00 seconds
      

MPRINT(KEEPORDROP):   proc contents data=work.importfile noprint out=work.importattrs;
MPRINT(KEEPORDROP):   run;

NOTE: The data set WORK.IMPORTATTRS has 17 observations and 41 variables.
NOTE: PROCEDURE CONTENTS used (Total process time):
      real time           0.01 seconds
      cpu time            0.01 seconds
      

MPRINT(KEEPORDROP):  ;
MPRINT(KEEPORDROP):   data _null_;
MPRINT(KEEPORDROP):   set work.importattrs;
MPRINT(KEEPORDROP):   call symput("varname"||left(_n_),name);
MPRINT(KEEPORDROP):   run;

NOTE: Numeric values have been converted to character values at the places given by: (Line):(Column).
      23:137   
NOTE: There were 17 observations read from the data set WORK.IMPORTATTRS.
NOTE: DATA statement used (Total process time):
      real time           0.00 seconds
      cpu time            0.00 seconds
      

nobs=17  maxcols=10000
MPRINT(TRAIN):  ;
MPRINT(TRAIN):  ;
MPRINT(TRAIN):   proc datasets lib=EMWS1 nolist;
MPRINT(TRAIN):   delete FIMPORT_EMSTATDEFAULT FIMPORT_EMINFO;
MPRINT(TRAIN):   run;

NOTE: The file EMWS1.FIMPORT_EMSTATDEFAULT (memtype=DATA) was not found, but appears on a DELETE statement.
NOTE: The file EMWS1.FIMPORT_EMINFO (memtype=DATA) was not found, but appears on a DELETE statement.

NOTE: PROCEDURE DATASETS used (Total process time):
      real time           0.04 seconds
      cpu time            0.04 seconds
      

MPRINT(EMADVISECOLUMNS):   proc display c=sashelp.emmeta.advisecolumns.scl;
MPRINT(EMADVISECOLUMNS):   run;

21875      %let SYSCC = 0;
21876      %let _dsidTable = 0;
21877      %let _engineTable =;
21878      data _null_;
MPRINT(EMADVISECOLUMNS):    data _null_;
21879      dsid = open('EMWS1.FIMPORT_DATA');
MPRINT(EMADVISECOLUMNS):   dsid = open('EMWS1.FIMPORT_DATA');
21880      call symput('_dsidTable', strip(put(dsid, best.)));
MPRINT(EMADVISECOLUMNS):   call symput('_dsidTable', strip(put(dsid, best.)));
21881      if dsid then do;
MPRINT(EMADVISECOLUMNS):   if dsid then do;
21882      call symput('_engineTable', attrc(dsid, 'ENGINE'));
MPRINT(EMADVISECOLUMNS):   call symput('_engineTable', attrc(dsid, 'ENGINE'));
21883      dsid = close(dsid);
MPRINT(EMADVISECOLUMNS):   dsid = close(dsid);
21884      end;
MPRINT(EMADVISECOLUMNS):   end;
21885      run;
MPRINT(EMADVISECOLUMNS):   run;

NOTE: DATA statement used (Total process time):
      real time           0.01 seconds
      cpu time            0.01 seconds
      

21886      options fmterr;
MPRINT(EMADVISECOLUMNS):    options fmterr;
21887      data _metaTestView;
MPRINT(EMADVISECOLUMNS):   data _metaTestView;
21888      set EMWS1.FIMPORT_DATA;
MPRINT(EMADVISECOLUMNS):   set EMWS1.FIMPORT_DATA;
21889      if _N_=1 then do;
MPRINT(EMADVISECOLUMNS):   if _N_=1 then do;
21890      output;
MPRINT(EMADVISECOLUMNS):   output;
21891      stop;
MPRINT(EMADVISECOLUMNS):   stop;
21892      end;
MPRINT(EMADVISECOLUMNS):   end;
21893      run;
MPRINT(EMADVISECOLUMNS):   run;

NOTE: There were 1 observations read from the data set EMWS1.FIMPORT_DATA.
NOTE: The data set WORK._METATESTVIEW has 1 observations and 17 variables.
NOTE: DATA statement used (Total process time):
      real time           0.01 seconds
      cpu time            0.01 seconds
      

21894      proc contents data=EMWS1.FIMPORT_DATA
21895      out=WORK.M1XALO49 noprint;
MPRINT(EMADVISECOLUMNS):    proc contents data=EMWS1.FIMPORT_DATA out=WORK.M1XALO49 noprint;
21896      run;
MPRINT(EMADVISECOLUMNS):   run;

NOTE: The data set WORK.M1XALO49 has 17 observations and 41 variables.
NOTE: PROCEDURE CONTENTS used (Total process time):
      real time           0.00 seconds
      cpu time            0.00 seconds
      

21897      data WORK.M1XALO49;
MPRINT(EMADVISECOLUMNS):    data WORK.M1XALO49;
21898      length NAME $ 64 TYPE $ 1 LABEL $ 200 FORMAT $ 36 INFORMAT $36 INDEX $ 1 INDEXTYPE $ 9;
MPRINT(EMADVISECOLUMNS):   length NAME $ 64 TYPE $ 1 LABEL $ 200 FORMAT $ 36 INFORMAT $36 INDEX $ 1 INDEXTYPE $ 9;
21899      label NAME =;
MPRINT(EMADVISECOLUMNS):   label NAME =;
21900      set WORK.M1XALO49(keep=name type length label format formatl formatd informat informl informd idxusage rename=(type=itype));
MPRINT(EMADVISECOLUMNS):   set WORK.M1XALO49(keep=name type length label format formatl formatd informat informl informd idxusage rename=(type=itype));
21901      if itype = 1 then type = 'N';
MPRINT(EMADVISECOLUMNS):   if itype = 1 then type = 'N';
21902      else type = 'C';
MPRINT(EMADVISECOLUMNS):   else type = 'C';
21903      if formatl > 0 then do;
MPRINT(EMADVISECOLUMNS):   if formatl > 0 then do;
21904      if format ne ' ' then format = strip(format)!!strip(put(formatl, best12.))!!'.'!!strip(put(formatd, best12.));
MPRINT(EMADVISECOLUMNS):   if format ne ' ' then format = strip(format)!!strip(put(formatl, best12.))!!'.'!!strip(put(formatd, best12.));
21905      else format = strip(put(formatl, best12.))!!'.'!!strip(put(formatd, best12.));
MPRINT(EMADVISECOLUMNS):   else format = strip(put(formatl, best12.))!!'.'!!strip(put(formatd, best12.));
21906      end;
MPRINT(EMADVISECOLUMNS):   end;
21907      else if format ne '' then format = strip(format)!!'.';
MPRINT(EMADVISECOLUMNS):   else if format ne '' then format = strip(format)!!'.';
21908      if informl > 0 then do;
MPRINT(EMADVISECOLUMNS):   if informl > 0 then do;
21909      if informat ne ' ' then informat = strip(informat)!!strip(put(informl, best12.))!!'.'!!strip(put(informd, best12.));
MPRINT(EMADVISECOLUMNS):   if informat ne ' ' then informat = strip(informat)!!strip(put(informl, best12.))!!'.'!!strip(put(informd, best12.));
21910      else informat = strip(put(informl, best12.))!!'.'!!strip(put(informd, best12.));
MPRINT(EMADVISECOLUMNS):   else informat = strip(put(informl, best12.))!!'.'!!strip(put(informd, best12.));
21911      end;
MPRINT(EMADVISECOLUMNS):   end;
21912      else if informat ne '' then informat = strip(informat)!!'.';
MPRINT(EMADVISECOLUMNS):   else if informat ne '' then informat = strip(informat)!!'.';
21913      if idxusage = 'NONE' then index ="N";
MPRINT(EMADVISECOLUMNS):   if idxusage = 'NONE' then index ="N";
21914      else index = "Y";
MPRINT(EMADVISECOLUMNS):   else index = "Y";
21915      indextype = idxusage;
MPRINT(EMADVISECOLUMNS):   indextype = idxusage;
21916      drop idxusage itype formatl formatd informl informd;
MPRINT(EMADVISECOLUMNS):   drop idxusage itype formatl formatd informl informd;
21917      run;
MPRINT(EMADVISECOLUMNS):   run;

NOTE: There were 17 observations read from the data set WORK.M1XALO49.
NOTE: The data set WORK.M1XALO49 has 17 observations and 8 variables.
NOTE: DATA statement used (Total process time):
      real time           0.01 seconds
      cpu time            0.01 seconds
      

21918      data WORK.M1XALO49;
MPRINT(EMADVISECOLUMNS):    data WORK.M1XALO49;
21919      length UNAME $64;
MPRINT(EMADVISECOLUMNS):   length UNAME $64;
21920      set WORK.M1XALO49;
MPRINT(EMADVISECOLUMNS):   set WORK.M1XALO49;
21921      UNAME = upcase(NAME);
MPRINT(EMADVISECOLUMNS):   UNAME = upcase(NAME);
21922      run;
MPRINT(EMADVISECOLUMNS):   run;

NOTE: There were 17 observations read from the data set WORK.M1XALO49.
NOTE: The data set WORK.M1XALO49 has 17 observations and 9 variables.
NOTE: DATA statement used (Total process time):
      real time           0.01 seconds
      cpu time            0.01 seconds
      

MPRINT(EMADVISECOLUMNS):    proc sort data=WORK.M2Y4NJBX NOTHREADS;
MPRINT(EMADVISECOLUMNS):   by UNAME;
MPRINT(EMADVISECOLUMNS):   run;
21926      data WORK.M2Y4NJBX;
MPRINT(EMADVISECOLUMNS):    data WORK.M2Y4NJBX;
21927      drop UNAME;
MPRINT(EMADVISECOLUMNS):   drop UNAME;
21928      set WORK.M2Y4NJBX;
MPRINT(EMADVISECOLUMNS):   set WORK.M2Y4NJBX;
21929      run;
MPRINT(EMADVISECOLUMNS):   run;

NOTE: There were 17 observations read from the data set WORK.M2Y4NJBX.
NOTE: The data set WORK.M2Y4NJBX has 17 observations and 8 variables.
NOTE: DATA statement used (Total process time):
      real time           0.01 seconds
      cpu time            0.01 seconds
      

MPRINT(EMADVISECOLUMNS):    data WORK.M0K6BGTS(keep=NAME ATTR);
MPRINT(EMADVISECOLUMNS):   length ATTR $ 20;
MPRINT(EMADVISECOLUMNS):   set WORK.M2Y4NJBX;
MPRINT(EMADVISECOLUMNS):   if level ne "INTERVAL" then do;
MPRINT(EMADVISECOLUMNS):   if order = ' ' then do;
MPRINT(EMADVISECOLUMNS):   attr = 'ORDER';
MPRINT(EMADVISECOLUMNS):   output;
MPRINT(EMADVISECOLUMNS):   end;
MPRINT(EMADVISECOLUMNS):   end;
MPRINT(EMADVISECOLUMNS):   if format ne ' ' and formattype = ' ' then do;
MPRINT(EMADVISECOLUMNS):   attr = 'FORMATTYPE';
MPRINT(EMADVISECOLUMNS):   output;
MPRINT(EMADVISECOLUMNS):   end;
MPRINT(EMADVISECOLUMNS):   if role = ' ' then do;
MPRINT(EMADVISECOLUMNS):   attr = 'ROLE';
MPRINT(EMADVISECOLUMNS):   output;
MPRINT(EMADVISECOLUMNS):   end;
MPRINT(EMADVISECOLUMNS):   if level = ' ' then do;
MPRINT(EMADVISECOLUMNS):   attr = 'LEVEL';
MPRINT(EMADVISECOLUMNS):   output;
MPRINT(EMADVISECOLUMNS):   end;
MPRINT(EMADVISECOLUMNS):   if type = ' ' then do;
MPRINT(EMADVISECOLUMNS):   attr = 'TYPE';
MPRINT(EMADVISECOLUMNS):   output;
MPRINT(EMADVISECOLUMNS):   end;
MPRINT(EMADVISECOLUMNS):   if index = ' ' then do;
MPRINT(EMADVISECOLUMNS):   attr = 'INDEX';
MPRINT(EMADVISECOLUMNS):   output;
MPRINT(EMADVISECOLUMNS):   end;
MPRINT(EMADVISECOLUMNS):   if report = ' ' then do;
MPRINT(EMADVISECOLUMNS):   attr = 'REPORT';
MPRINT(EMADVISECOLUMNS):   output;
MPRINT(EMADVISECOLUMNS):   end;
MPRINT(EMADVISECOLUMNS):   run;
MPRINT(EMADVISECOLUMNS):   proc sort NOTHREADS;
MPRINT(EMADVISECOLUMNS):   by attr;
MPRINT(EMADVISECOLUMNS):   run;
MPRINT(EMADVISECOLUMNS):    data WORK.M2Y4NJBX;
MPRINT(EMADVISECOLUMNS):   length NAME $64 ROLE $ 32 LEVEL $ 10 ORDER $ 8 CREATOR $32 FORMATTYPE $ 10 FAMILY $ 10 LOWERLIMIT 8 UPPERLIMIT 8 REPORT $1 DISTRIBUTION $ 20 COMMENT $64;
MPRINT(EMADVISECOLUMNS):   length levelAssigned 8 roleAssigned 8 PRICE 8;
MPRINT(EMADVISECOLUMNS):   set WORK.M2Y4NJBX;
MPRINT(EMADVISECOLUMNS):   if formattype = ' ' then do;
MPRINT(EMADVISECOLUMNS):   if format ne ' ' then do;
MPRINT(EMADVISECOLUMNS):   if type = 'N' then do;
MPRINT(EMADVISECOLUMNS):   pos = indexc(format,'.1234567890');
MPRINT(EMADVISECOLUMNS):   if pos > 1 then tempfmt = substr(format,1, pos-1);
MPRINT(EMADVISECOLUMNS):   else tempfmt = ' ';
MPRINT(EMADVISECOLUMNS):   flen = length(tempfmt);
MPRINT(EMADVISECOLUMNS):   select;
MPRINT(EMADVISECOLUMNS):   when(tempfmt in ("DATE" "DAY" "DDMMYY" "DOWNAME" "JULDAY" "JULIAN" "MMDDYY" "MMDDYYD" "MMDDYYC" "MMDDYYN" "MMDDYYP" "MMDDYYS" "MONNAME" "MONTH" "MONYY" "NENGO" "QTR" "QTRR" "WEEKDATE" "WEEKDATX" "WEEKDAY" "WORDDATE" "WORDDATX" 
"YEAR" "YYMMDD" "YYMON" "YYMMDDC" "YYMMDDD" "YYMMDDN" "YYMMDDP" "YYMMDDS" "EURDFDE" "NJDATE" "NLDATE" "EURDFDD" "EURDFDWN" "EURDFMN" "EURDFMY" "EURDFWK" "EURDFWKX" "EURDFWDX" "EURDFDN" "EURDFDE" )) formattype = 'DATE';
MPRINT(EMADVISECOLUMNS):   when(tempfmt in ("DATETIME" "EURDFDT" "TOD" )) formattype = "DATETIME";
MPRINT(EMADVISECOLUMNS):   when(tempfmt in ("HHMM" "HOUR" "MMSS" "TIME" "TIMEAMPM" )) formattype = "TIME";
MPRINT(EMADVISECOLUMNS):   when(tempfmt in ("COMMA" "COMMAX" "DOLLAR" "DOLLARX" "E" "FRACT" "NEGPAREN" "PERCENT")) formattype="QUANTITY";
MPRINT(EMADVISECOLUMNS):   when(tempfmt in ("BINARY" "HEX" "IB" "OCTAL" "PD" "PIB" "PK" "RB" "SSN" "Z" "ZD")) formattype = "CODING";
MPRINT(EMADVISECOLUMNS):   otherwise do;
MPRINT(EMADVISECOLUMNS):   formattype = "USER";
MPRINT(EMADVISECOLUMNS):   if substr(tempfmt, 1, 6)='NLDATE' then formattype = "DATE";
MPRINT(EMADVISECOLUMNS):   else if substr(tempfmt, 1, 6)='NLDATM' then formattype = "DATETIME";
MPRINT(EMADVISECOLUMNS):   else if substr(tempfmt, 1, 4)='NLTIM' then formattype = "TIME";
MPRINT(EMADVISECOLUMNS):   else if flen >= 4 then do;
MPRINT(EMADVISECOLUMNS):   str = substr(tempfmt,1,4);
MPRINT(EMADVISECOLUMNS):   if str in ("MMYY" "YYMM" "YYQR") then formattype ="DATE";
MPRINT(EMADVISECOLUMNS):   else if str = "S370" then formattype = "CODING";
MPRINT(EMADVISECOLUMNS):   else if str = "BEST" then formattype = "NUM";
MPRINT(EMADVISECOLUMNS):   drop str;
MPRINT(EMADVISECOLUMNS):   end;
MPRINT(EMADVISECOLUMNS):   else if flen >=3 and substr(tempfmt,1,3) = "YYQ" then formatType = "DATE";
MPRINT(EMADVISECOLUMNS):   end;
MPRINT(EMADVISECOLUMNS):   end;
MPRINT(EMADVISECOLUMNS):   drop flen tempfmt pos;
MPRINT(EMADVISECOLUMNS):   end;
MPRINT(EMADVISECOLUMNS):   else do;
MPRINT(EMADVISECOLUMNS):   formatType = "CATEGORY";
MPRINT(EMADVISECOLUMNS):   end;
MPRINT(EMADVISECOLUMNS):   end;
MPRINT(EMADVISECOLUMNS):   if formatType = "NUM" then do;
MPRINT(EMADVISECOLUMNS):   if index = "Y" then formatType = "DISCRETE";
MPRINT(EMADVISECOLUMNS):   else formatType = "QUANTITY";
MPRINT(EMADVISECOLUMNS):   end;
MPRINT(EMADVISECOLUMNS):   end;
MPRINT(EMADVISECOLUMNS):   if level = ' ' then do;
MPRINT(EMADVISECOLUMNS):   if formatType in ("CATEGORY", "CODING", "ID") or type = "C" then level = "NOMINAL";
MPRINT(EMADVISECOLUMNS):   else level = "INTERVAL";
MPRINT(EMADVISECOLUMNS):   levelAssigned = 1;
MPRINT(EMADVISECOLUMNS):   end;
MPRINT(EMADVISECOLUMNS):   else level = upcase(level);
MPRINT(EMADVISECOLUMNS):   if role = ' ' then do;
MPRINT(EMADVISECOLUMNS):   length name_prefix $8 _uname $64;
MPRINT(EMADVISECOLUMNS):   drop name_prefix _uname _freqflag;
MPRINT(EMADVISECOLUMNS):   retain _freqflag;
MPRINT(EMADVISECOLUMNS):   if LENGTH> 80 then ROLE = 'TEXT';
MPRINT(EMADVISECOLUMNS):   _uname = upcase(NAME);
MPRINT(EMADVISECOLUMNS):   select(_uname);
MPRINT(EMADVISECOLUMNS):   when('_WARN_') ROLE = 'ASSESS';
MPRINT(EMADVISECOLUMNS):   when('EM_SEGMENT') do;
MPRINT(EMADVISECOLUMNS):   ROLE = 'SEGMENT';
MPRINT(EMADVISECOLUMNS):   LEVEL = 'NOMINAL';
MPRINT(EMADVISECOLUMNS):   end;
MPRINT(EMADVISECOLUMNS):   when('_NODE_') do;
MPRINT(EMADVISECOLUMNS):   ROLE = 'SEGMENT';
MPRINT(EMADVISECOLUMNS):   LEVEL = 'NOMINAL';
MPRINT(EMADVISECOLUMNS):   end;
MPRINT(EMADVISECOLUMNS):   when('EM_CLASSTARGET') ROLE = 'ASSESS';
MPRINT(EMADVISECOLUMNS):   when('EM_VALUETARGET') ROLE = 'ASSESS';
MPRINT(EMADVISECOLUMNS):   when('EM_PREDICTION') ROLE = 'PREDICT';
MPRINT(EMADVISECOLUMNS):   when('EM_PROBABILITY') ROLE = 'PREDICT';
MPRINT(EMADVISECOLUMNS):   when('EM_EVENTPROBABILITY') ROLE = 'PREDICT';
MPRINT(EMADVISECOLUMNS):   when('EM_CLASSIFICATION') ROLE = 'CLASSIFICATION';
MPRINT(EMADVISECOLUMNS):   when('EM_DECISION') ROLE = 'DECISION';
MPRINT(EMADVISECOLUMNS):   when('EM_PROFIT') ROLE = 'ASSESS';
MPRINT(EMADVISECOLUMNS):   when('EM_LOSS') ROLE = 'ASSESS';
MPRINT(EMADVISECOLUMNS):   when('EM_ROI') ROLE = 'ASSESS';
MPRINT(EMADVISECOLUMNS):   when('URI') ROLE = 'URL';
MPRINT(EMADVISECOLUMNS):   when('FILTERED') ROLE = 'TEXTLOC';
MPRINT(EMADVISECOLUMNS):   otherwise do;
MPRINT(EMADVISECOLUMNS):   if upcase(NAME) =: 'ZIP' then do;
MPRINT(EMADVISECOLUMNS):   ROLE = 'REJECTED';
MPRINT(EMADVISECOLUMNS):   LEVEL = 'NOMINAL';
MPRINT(EMADVISECOLUMNS):   COMMENT = 'Rejected by: Exceed the maximum class level of %s';
MPRINT(EMADVISECOLUMNS):   end;
MPRINT(EMADVISECOLUMNS):   else if upcase(NAME) in('FREQ', 'FREQUENCY') then do;
MPRINT(EMADVISECOLUMNS):   ROLE = 'FREQ';
MPRINT(EMADVISECOLUMNS):   if TYPE = 'C' then ROLE = 'INPUT';
MPRINT(EMADVISECOLUMNS):   else if _freqflag =1 then ROLE='REJECTED';
MPRINT(EMADVISECOLUMNS):   end;
MPRINT(EMADVISECOLUMNS):   else do;
MPRINT(EMADVISECOLUMNS):   name_prefix = scan(_uname, 1, '_');
MPRINT(EMADVISECOLUMNS):   if scan(_uname, 2, '_') = '' then name_prefix='';
MPRINT(EMADVISECOLUMNS):   if name_prefix in('F', 'I', 'U') then do;
MPRINT(EMADVISECOLUMNS):   ROLE = 'CLASSIFICATION';
MPRINT(EMADVISECOLUMNS):   LEVEL = 'NOMINAL';
MPRINT(EMADVISECOLUMNS):   end;
MPRINT(EMADVISECOLUMNS):   else if name_prefix in('P', 'V') then ROLE = 'PREDICT';
MPRINT(EMADVISECOLUMNS):   else if name_prefix in('R', 'RS', 'RT', 'RD', 'RDS', 'RDT', 'RA', 'RAS', 'RAT') then ROLE = 'RESIDUAL';
MPRINT(EMADVISECOLUMNS):   else if name_prefix ='D' then do;
MPRINT(EMADVISECOLUMNS):   ROLE = 'DECISION';
MPRINT(EMADVISECOLUMNS):   LEVEL = 'NOMINAL';
MPRINT(EMADVISECOLUMNS):   end;
MPRINT(EMADVISECOLUMNS):   else if name_prefix ='B' then do;
MPRINT(EMADVISECOLUMNS):   ROLE = 'SEGMENT';
MPRINT(EMADVISECOLUMNS):   LEVEL = 'NOMINAL';
MPRINT(EMADVISECOLUMNS):   end;
MPRINT(EMADVISECOLUMNS):   else if name_prefix in('EP', 'BP', 'CP', 'EL', 'CL', 'BL', 'W', 'ROI', 'IC') then ROLE = 'ASSESS';
MPRINT(EMADVISECOLUMNS):   else do;
MPRINT(EMADVISECOLUMNS):   array _ROLE_ (19) $32 _TEMPORARY_ ('ASSESS','CLASSIFICATION','CENSOR', 'COST', 'CROSSID', 'DECISION', 'ID','INPUT', 'LABEL', 'MISSING','PREDICT','REFERRER','REJECTED', 'RESIDUAL','SEGMENT', 'SEQUENCE','TARGET', 'TEXT', 'TIMEID');
MPRINT(EMADVISECOLUMNS):   drop _found_ i;
MPRINT(EMADVISECOLUMNS):   _found_=0;
MPRINT(EMADVISECOLUMNS):   do i=1 to 19 until(_found_=1);
MPRINT(EMADVISECOLUMNS):   if index(_uname, trim(_ROLE_{i}))=1 then do;
MPRINT(EMADVISECOLUMNS):   ROLE=_ROLE_{i};
MPRINT(EMADVISECOLUMNS):   if ROLE = 'ID' then LEVEL = 'NOMINAL';
MPRINT(EMADVISECOLUMNS):   else if ROLE = 'SEGMENT' then LEVEL = 'NOMINAL';
MPRINT(EMADVISECOLUMNS):   else if ROLE = 'TIMEID' and TYPE='N' then LEVEL = 'INTERVAL';
MPRINT(EMADVISECOLUMNS):   _found_=1;
MPRINT(EMADVISECOLUMNS):   end;
MPRINT(EMADVISECOLUMNS):   end;
MPRINT(EMADVISECOLUMNS):   if length(_uname)>2 then do;
MPRINT(EMADVISECOLUMNS):   if substr(reverse(trim(_uname)), 1, 3) = 'DI_' then do;
MPRINT(EMADVISECOLUMNS):   ROLE = 'ID';
MPRINT(EMADVISECOLUMNS):   LEVEL = 'NOMINAL';
MPRINT(EMADVISECOLUMNS):   end;
MPRINT(EMADVISECOLUMNS):   end;
MPRINT(EMADVISECOLUMNS):   end;
MPRINT(EMADVISECOLUMNS):   end;
MPRINT(EMADVISECOLUMNS):   end;
MPRINT(EMADVISECOLUMNS):   end;
MPRINT(EMADVISECOLUMNS):   if ROLE='FREQ' then _freqflag=1;
MPRINT(EMADVISECOLUMNS):   else if ROLE = 'CLASSIFICATION' then LEVEL = 'NOMINAL';
MPRINT(EMADVISECOLUMNS):   if symexist('RATEMKG_ROLE') then do;
MPRINT(EMADVISECOLUMNS):   if upcase(symget('RATEMKG_ROLE')) in('Y', 'YES') then do;
MPRINT(EMADVISECOLUMNS):   if _uname =: 'POLICY' then ROLE = 'POLICYID';
MPRINT(EMADVISECOLUMNS):   else if _uname in ('PARTITION', '_PARTIND_') then ROLE = 'PARTITION';
MPRINT(EMADVISECOLUMNS):   else if type = 'N' then do;
MPRINT(EMADVISECOLUMNS):   if _uname = 'EXPOSURE' then ROLE = 'EXPOSURE';
MPRINT(EMADVISECOLUMNS):   else if _uname = 'YEAR' then ROLE = 'YEAR';
MPRINT(EMADVISECOLUMNS):   else if _uname = 'WEIGHT' then ROLE = 'WEIGHT';
MPRINT(EMADVISECOLUMNS):   else if _uname = 'OFFSET' then ROLE = 'OFFSET';
MPRINT(EMADVISECOLUMNS):   end;
MPRINT(EMADVISECOLUMNS):   end;
MPRINT(EMADVISECOLUMNS):   end;
MPRINT(EMADVISECOLUMNS):   end;
MPRINT(EMADVISECOLUMNS):   if role = ' ' then do;
MPRINT(EMADVISECOLUMNS):   if formattype in('DATE', 'DATETIME', 'TIME') then role = 'TIMEID';
MPRINT(EMADVISECOLUMNS):   else role = 'INPUT';
MPRINT(EMADVISECOLUMNS):   roleAssigned = 1;
MPRINT(EMADVISECOLUMNS):   end;
MPRINT(EMADVISECOLUMNS):   else role = upcase(role);
MPRINT(EMADVISECOLUMNS):   if REPORT = '' then REPORT = 'N';
MPRINT(EMADVISECOLUMNS):   run;
MPRINT(EMADVISECOLUMNS):    data WORK.M2Y4NJBX;
MPRINT(EMADVISECOLUMNS):   set WORK.M2Y4NJBX;
MPRINT(EMADVISECOLUMNS):   label NAME = "Variable Name" TYPE = "Type" ROLE = "Role" LEVEL= "Measurement Level" ORDER= "Order" CREATOR= "Creator" FORMATTYPE= "Format Type" FAMILY= "Family" DISTRIBUTION= "Distribution" PRICE= "Price" LOWERLIMIT= "Lower 
limit" UPPERLIMIT= "Upper Limit" REPORT= "Report" COMMENT= "Comment" INDEX= "Index" INDEXTYPE= "IndexType" LABEL= "Label" LENGTH= "Length";
MPRINT(EMADVISECOLUMNS):   drop levelAssigned roleAssigned;
MPRINT(EMADVISECOLUMNS):   run;
NOTE: PROCEDURE DISPLAY used (Total process time):
      real time           0.43 seconds
      cpu time            0.40 seconds
      

MPRINT(EMADVISECOLUMNS):   
MPRINT(TRAIN):  ;
MPRINT(TRAIN):  ;
MPRINT(TRAIN):   data _null_;
MPRINT(TRAIN):   fname = '_text';
MPRINT(TRAIN):   rc=filename(fname, "C:\Users\sakerb01\Desktop\SAS EM 12.3 Tutorials _ Projects\Project_4\Workspaces\EMWS1\FIMPORT\VVNLABEL.sas");
MPRINT(TRAIN):   if ^rc and fexist(fname) then rc=fdelete(fname);
MPRINT(TRAIN):   rc=filename(fname);
MPRINT(TRAIN):   run;

NOTE: DATA statement used (Total process time):
      real time           0.00 seconds
      cpu time            0.00 seconds
      

MPRINT(TRAIN):   data EMWS1.FIMPORT_EMCMETADEFAULT;
MPRINT(TRAIN):   set EMWS1.FIMPORT_EMCMETADEFAULT;
MPRINT(TRAIN):   length DROP $1;
MPRINT(TRAIN):   DROP='N';
MPRINT(TRAIN):   run;

NOTE: There were 17 observations read from the data set EMWS1.FIMPORT_EMCMETADEFAULT.
NOTE: The data set EMWS1.FIMPORT_EMCMETADEFAULT has 17 observations and 21 variables.
NOTE: DATA statement used (Total process time):
      real time           0.01 seconds
      cpu time            0.01 seconds
      

MPRINT(EMADVISETABLE):   proc display c=sashelp.emmeta.advisetable.scl;
MPRINT(EMADVISETABLE):   run;

22168      %let SYSCC = 0;
22169      data EMWS1.FIMPORT_EMTMETADEFAULT;
MPRINT(EMADVISETABLE):    data EMWS1.FIMPORT_EMTMETADEFAULT;
22170      length LIBNAME $8;
MPRINT(EMADVISETABLE):   length LIBNAME $8;
22171      LIBNAME = "EMWS1";
MPRINT(EMADVISETABLE):   LIBNAME = "EMWS1";
22172      run;
MPRINT(EMADVISETABLE):   run;

NOTE: The data set EMWS1.FIMPORT_EMTMETADEFAULT has 1 observations and 1 variables.
NOTE: DATA statement used (Total process time):
      real time           0.03 seconds
      cpu time            0.03 seconds
      

MPRINT(EMADVISETABLE):    data _null_;
MPRINT(EMADVISETABLE):   dsid = open("EMWS1.FIMPORT_DATA");
MPRINT(EMADVISETABLE):   call symput("_DSID", put(dsid,BEST.));
MPRINT(EMADVISETABLE):   if dsid > 0 then dsid = close(dsid);
MPRINT(EMADVISETABLE):   run;
MPRINT(EMADVISETABLE):    ods output enginehost=em_tablehost;
MPRINT(EMADVISETABLE):   ods listing close;
MPRINT(EMADVISETABLE):   proc contents data=EMWS1.FIMPORT_DATA;
MPRINT(EMADVISETABLE):   run;
MPRINT(EMADVISETABLE):   ods listing;
MPRINT(EMADVISETABLE):    data WORK.M1PVDP90;
MPRINT(EMADVISETABLE):   length MEMNAME $ 32 MEMTYPE $ 8 MEMLABEL $ 256 TYPEMEM $ 8 ENGINE $ 8 CRDATE 8 MODATE 8 NOBS 8 NCOLS 8 NBYTES 8 ROLE $ 20 USEEXTERNALDATA $1 SAMPLINGRATE 8 SEGMENT $ 20;
MPRINT(EMADVISETABLE):   set WORK.M1PVDP90(obs=1);
MPRINT(EMADVISETABLE):   nobs = 363;
MPRINT(EMADVISETABLE):   ncols = 17;
MPRINT(EMADVISETABLE):   nbytes = 66560;
MPRINT(EMADVISETABLE):   memname = "FIMPORT_DATA";
MPRINT(EMADVISETABLE):   memtype = "DATA    ";
MPRINT(EMADVISETABLE):   memlabel = "";
MPRINT(EMADVISETABLE):   typemem = "DATA    ";
MPRINT(EMADVISETABLE):   engine = "V9      ";
MPRINT(EMADVISETABLE):   crdate = 1762779751.067;
MPRINT(EMADVISETABLE):   modate = 1762779751.067;
MPRINT(EMADVISETABLE):   format crdate datetime16.;
MPRINT(EMADVISETABLE):   format modate datetime16.;
MPRINT(EMADVISETABLE):   if role = ' ' then role = 'TRAIN';
MPRINT(EMADVISETABLE):   output;
MPRINT(EMADVISETABLE):   run;
NOTE: PROCEDURE DISPLAY used (Total process time):
      real time           0.15 seconds
      cpu time            0.15 seconds
      

MPRINT(EMADVISETABLE):   
MPRINT(TRAIN):  ;
MPRINT(TRAIN):   data _temp;
MPRINT(TRAIN):   set EMWS1.FIMPORT_EMTMETADEFAULT(rename=(ROLE=PORT MEMNAME=DATASET CRDATE=MODTIME));
MPRINT(TRAIN):   keep PORT LIBNAME DATASET MODTIME COLUMNMETA COLUMNMETAMODTIME NOBS;
MPRINT(TRAIN):   PORT='DATA';
MPRINT(TRAIN):   COLUMNMETA="FIMPORT_EMCMETADEFAULT";
MPRINT(TRAIN):   COLUMNMETAMODTIME=MODTIME;
MPRINT(TRAIN):   run;

NOTE: There were 1 observations read from the data set EMWS1.FIMPORT_EMTMETADEFAULT.
NOTE: The data set WORK._TEMP has 1 observations and 7 variables.
NOTE: DATA statement used (Total process time):
      real time           0.01 seconds
      cpu time            0.01 seconds
      

MPRINT(TRAIN):   proc sort data=EMWS1.FIMPORT_ImportSet;
MPRINT(TRAIN):   by PORT;
MPRINT(TRAIN):   run;

NOTE: There were 15 observations read from the data set EMWS1.FIMPORT_IMPORTSET.
NOTE: The data set EMWS1.FIMPORT_IMPORTSET has 15 observations and 14 variables.
NOTE: PROCEDURE SORT used (Total process time):
      real time           0.01 seconds
      cpu time            0.01 seconds
      

MPRINT(TRAIN):   data EMWS1.FIMPORT_ImportSet;
MPRINT(TRAIN):   merge EMWS1.FIMPORT_ImportSet _temp;
MPRINT(TRAIN):   by PORT;
MPRINT(TRAIN):   if PORT='DATA' then ROLE="TRAIN";
MPRINT(TRAIN):   run;

NOTE: There were 15 observations read from the data set EMWS1.FIMPORT_IMPORTSET.
NOTE: There were 1 observations read from the data set WORK._TEMP.
NOTE: The data set EMWS1.FIMPORT_IMPORTSET has 15 observations and 14 variables.
NOTE: DATA statement used (Total process time):
      real time           0.01 seconds
      cpu time            0.01 seconds
      

MPRINT(TRAIN):  ;
MPRINT(TRAIN):   filename x "C:\Users\sakerb01\Desktop\SAS EM 12.3 Tutorials _ Projects\Project_4\Workspaces\EMWS1\FIMPORT\VARIABLESETDELTA.txt";
MPRINT(TRAIN):   data EMWS1.FIMPORT_VariableSet;
MPRINT(TRAIN):   set EMWS1.FIMPORT_EMCMETADEFAULT;
NOTE: %INCLUDE (level 1) file X is file C:\Users\sakerb01\Desktop\SAS EM 12.3 Tutorials _ Projects\Project_4\Workspaces\EMWS1\FIMPORT\VARIABLESETDELTA.txt.
22201     +if NAME="BasementType" then do;
MPRINT(TRAIN):   if NAME="BasementType" then do;
22202     +ROLE="INPUT";
MPRINT(TRAIN):   ROLE="INPUT";
22203     +LEVEL="NOMINAL";
MPRINT(TRAIN):   LEVEL="NOMINAL";
22204     +ORDER="";
MPRINT(TRAIN):   ORDER="";
22205     +DROP="N";
MPRINT(TRAIN):   DROP="N";
22206     +end;
MPRINT(TRAIN):   end;
22207     +if NAME="CentralAir" then do;
MPRINT(TRAIN):   if NAME="CentralAir" then do;
22208     +ROLE="INPUT";
MPRINT(TRAIN):   ROLE="INPUT";
22209     +LEVEL="BINARY";
MPRINT(TRAIN):   LEVEL="BINARY";
22210     +ORDER="";
MPRINT(TRAIN):   ORDER="";
22211     +DROP="N";
MPRINT(TRAIN):   DROP="N";
22212     +end;
MPRINT(TRAIN):   end;
22213     +if NAME="GarageType" then do;
MPRINT(TRAIN):   if NAME="GarageType" then do;
22214     +ROLE="INPUT";
MPRINT(TRAIN):   ROLE="INPUT";
22215     +LEVEL="NOMINAL";
MPRINT(TRAIN):   LEVEL="NOMINAL";
22216     +ORDER="";
MPRINT(TRAIN):   ORDER="";
22217     +DROP="N";
MPRINT(TRAIN):   DROP="N";
22218     +end;
MPRINT(TRAIN):   end;
22219     +if NAME="LotSize" then do;
MPRINT(TRAIN):   if NAME="LotSize" then do;
22220     +ROLE="INPUT";
MPRINT(TRAIN):   ROLE="INPUT";
22221     +LEVEL="NOMINAL";
MPRINT(TRAIN):   LEVEL="NOMINAL";
22222     +ORDER="";
MPRINT(TRAIN):   ORDER="";
22223     +DROP="N";
MPRINT(TRAIN):   DROP="N";
22224     +end;
MPRINT(TRAIN):   end;
22225     +if NAME="Neighborhood" then do;
MPRINT(TRAIN):   if NAME="Neighborhood" then do;
22226     +ROLE="INPUT";
MPRINT(TRAIN):   ROLE="INPUT";
22227     +LEVEL="NOMINAL";
MPRINT(TRAIN):   LEVEL="NOMINAL";
22228     +ORDER="";
MPRINT(TRAIN):   ORDER="";
22229     +DROP="N";
MPRINT(TRAIN):   DROP="N";
22230     +end;
MPRINT(TRAIN):   end;
22231     +if NAME="SalePrice" then do;
MPRINT(TRAIN):   if NAME="SalePrice" then do;
22232     +ROLE="TARGET";
MPRINT(TRAIN):   ROLE="TARGET";
22233     +LEVEL="INTERVAL";
MPRINT(TRAIN):   LEVEL="INTERVAL";
22234     +ORDER="";
MPRINT(TRAIN):   ORDER="";
22235     +DROP="N";
MPRINT(TRAIN):   DROP="N";
22236     +end;
MPRINT(TRAIN):   end;
22237     +if NAME="WallType" then do;
MPRINT(TRAIN):   if NAME="WallType" then do;
22238     +ROLE="INPUT";
MPRINT(TRAIN):   ROLE="INPUT";
22239     +LEVEL="NOMINAL";
MPRINT(TRAIN):   LEVEL="NOMINAL";
22240     +ORDER="";
MPRINT(TRAIN):   ORDER="";
22241     +DROP="N";
MPRINT(TRAIN):   DROP="N";
22242     +end;
MPRINT(TRAIN):   end;
NOTE: %INCLUDE (level 1) ending.
MPRINT(TRAIN):   run;

NOTE: There were 17 observations read from the data set EMWS1.FIMPORT_EMCMETADEFAULT.
NOTE: The data set EMWS1.FIMPORT_VARIABLESET has 17 observations and 21 variables.
NOTE: DATA statement used (Total process time):
      real time           0.01 seconds
      cpu time            0.01 seconds
      

MPRINT(TRAIN):   filename x;
NOTE: Fileref X has been deassigned.
MPRINT(TRAIN):   proc compare compare=EMWS1.FIMPORT_VariableSet base=EMWS1.FIMPORT_EMCMETADEFAULT noprint outnoequal outbase outcomp out=_DiffMeta noprint;
MPRINT(TRAIN):   id NAME;
MPRINT(TRAIN):   run;

NOTE: There were 17 observations read from the data set EMWS1.FIMPORT_VARIABLESET.
NOTE: There were 17 observations read from the data set EMWS1.FIMPORT_EMCMETADEFAULT.
NOTE: The data set WORK._DIFFMETA has 14 observations and 23 variables.
NOTE: PROCEDURE COMPARE used (Total process time):
      real time           0.01 seconds
      cpu time            0.01 seconds
      

MPRINT(TRAIN):   filename x1 "C:\Users\sakerb01\Desktop\SAS EM 12.3 Tutorials _ Projects\Project_4\Workspaces\EMWS1\FIMPORT\CDELTA_TRAIN.sas";
MPRINT(TRAIN):   data _null_;
MPRINT(TRAIN):   length string $200;
MPRINT(TRAIN):   set _DiffMeta end=eof;
MPRINT(TRAIN):   where _type_='COMPARE';
MPRINT(TRAIN):   file x1;
MPRINT(TRAIN):   string = 'if NAME="'!!strip(NAME)!!'" then do;';
MPRINT(TRAIN):   put string;
MPRINT(TRAIN):   string = '   ROLE="'!!strip(ROLE)!!'";';
MPRINT(TRAIN):   put string;
MPRINT(TRAIN):   string= '   LEVEL="'!!strip(LEVEL)!!'";';
MPRINT(TRAIN):   put string;
MPRINT(TRAIN):   string = '   ORDER="'!!strip(ORDER)!!'";';
MPRINT(TRAIN):   put string;
MPRINT(TRAIN):   put 'end;';
MPRINT(TRAIN):   if drop='Y' then do;
MPRINT(TRAIN):   string='if NAME="'!!strip(NAME)!!'" then delete;';
MPRINT(TRAIN):   put string;
MPRINT(TRAIN):   end;
MPRINT(TRAIN):   if eof then put 'drop DROP;';
MPRINT(TRAIN):   run;

NOTE: The file X1 is:
      Filename=C:\Users\sakerb01\Desktop\SAS EM 12.3 Tutorials _ Projects\Project_4\Workspaces\EMWS1\FIMPORT\CDELTA_TRAIN.sas,
      RECFM=V,LRECL=32767,File Size (bytes)=0,
      Last Modified=10Nov2015:13:02:31,
      Create Time=05Nov2015:15:30:29

NOTE: 36 records were written to the file X1.
      The minimum record length was 4.
      The maximum record length was 31.
NOTE: There were 7 observations read from the data set WORK._DIFFMETA.
      WHERE _type_='COMPARE';
NOTE: DATA statement used (Total process time):
      real time           0.00 seconds
      cpu time            0.00 seconds
      

MPRINT(TRAIN):  ;
MPRINT(TRAIN):   filename x2 "C:\Users\sakerb01\Desktop\SAS EM 12.3 Tutorials _ Projects\Project_4\Workspaces\EMWS1\FIMPORT\DELTACODE.txt";
MPRINT(EM_COPYFILE):   data _null_;
MPRINT(EM_COPYFILE):   length line $20000;
MPRINT(EM_COPYFILE):   file x2 lrecl=20000;
MPRINT(EM_COPYFILE):   fid=fopen("x1",'i',20000,'v');
MPRINT(EM_COPYFILE):   if fid > 0 then do;
MPRINT(EM_COPYFILE):   do while(^fread(fid));
MPRINT(EM_COPYFILE):   rlen = frlen(fid);
MPRINT(EM_COPYFILE):   rc= fget(fid,line,20000);
MPRINT(EM_COPYFILE):   start = length(line)-length(left(line))+1;
MPRINT(EM_COPYFILE):   line=strip(line);
MPRINT(EM_COPYFILE):   put @start line;
MPRINT(EM_COPYFILE):   end;
MPRINT(EM_COPYFILE):   if fid > 0 then rc=fclose(fid);
MPRINT(EM_COPYFILE):   end;
MPRINT(EM_COPYFILE):   run;

NOTE: The file X2 is:
      Filename=C:\Users\sakerb01\Desktop\SAS EM 12.3 Tutorials _ Projects\Project_4\Workspaces\EMWS1\FIMPORT\DELTACODE.txt,
      RECFM=V,LRECL=20000,File Size (bytes)=0,
      Last Modified=10Nov2015:13:02:31,
      Create Time=05Nov2015:15:30:29

NOTE: 36 records were written to the file X2.
      The minimum record length was 4.
      The maximum record length was 31.
NOTE: DATA statement used (Total process time):
      real time           0.00 seconds
      cpu time            0.00 seconds
      

MPRINT(TRAIN):  ;
MPRINT(TRAIN):   filename x1;
NOTE: Fileref X1 has been deassigned.
MPRINT(TRAIN):   filename x2;
NOTE: Fileref X2 has been deassigned.
MPRINT(TRAIN):  ;
MPRINT(TRAIN):   filename x "C:\Users\sakerb01\Desktop\SAS EM 12.3 Tutorials _ Projects\Project_4\Workspaces\EMWS1\FIMPORT\VARIABLESETDELTA.txt";
MPRINT(TRAIN):   data _null_;
MPRINT(TRAIN):   length string $200;
MPRINT(TRAIN):   set _DiffMeta end=eof;
MPRINT(TRAIN):   where _type_='COMPARE';
MPRINT(TRAIN):   file x;
MPRINT(TRAIN):   string = 'if NAME="'!!strip(NAME)!!'" then do;';
MPRINT(TRAIN):   put string;
MPRINT(TRAIN):   string = '   ROLE="'!!strip(ROLE)!!'";';
MPRINT(TRAIN):   put string;
MPRINT(TRAIN):   string= '   LEVEL="'!!strip(LEVEL)!!'";';
MPRINT(TRAIN):   put string;
MPRINT(TRAIN):   string = '   ORDER="'!!strip(ORDER)!!'";';
MPRINT(TRAIN):   put string;
MPRINT(TRAIN):   string = '   DROP="'!!strip(DROP)!!'";';
MPRINT(TRAIN):   put string;
MPRINT(TRAIN):   put 'end;';
MPRINT(TRAIN):   run;

NOTE: The file X is:
      Filename=C:\Users\sakerb01\Desktop\SAS EM 12.3 Tutorials _ Projects\Project_4\Workspaces\EMWS1\FIMPORT\VARIABLESETDELTA.txt,
      RECFM=V,LRECL=32767,File Size (bytes)=0,
      Last Modified=10Nov2015:13:02:31,
      Create Time=05Nov2015:15:30:29

NOTE: 42 records were written to the file X.
      The minimum record length was 4.
      The maximum record length was 31.
NOTE: There were 7 observations read from the data set WORK._DIFFMETA.
      WHERE _type_='COMPARE';
NOTE: DATA statement used (Total process time):
      real time           0.00 seconds
      cpu time            0.00 seconds
      

MPRINT(TRAIN):   filename x;
NOTE: Fileref X has been deassigned.
MPRINT(TRAIN):   proc datasets lib=work nolist;
MPRINT(TRAIN):   delete _DiffMeta;
MPRINT(TRAIN):   run;

NOTE: Deleting WORK._DIFFMETA (memtype=DATA).

NOTE: PROCEDURE DATASETS used (Total process time):
      real time           0.01 seconds
      cpu time            0.01 seconds
      

MPRINT(TRAIN):   data EMWS1.FIMPORT_ExportSet;
MPRINT(TRAIN):   set EMWS1.FIMPORT_ExportSet;
MPRINT(TRAIN):   if NODEPORT='TRAIN' then do;
MPRINT(TRAIN):   ROLE="TRAIN";
MPRINT(TRAIN):   COLUMNMETAMODTIME=datetime();
MPRINT(TRAIN):   MODTIME=datetime();
MPRINT(TRAIN):   DATASET="FIMPORT_train";
MPRINT(TRAIN):   COLUMNMETA="FIMPORT_CMeta_TRAIN";
MPRINT(TRAIN):   DELTACODE="CDelta_TRAIN";
MPRINT(TRAIN):   APPLYDELTA='Y';
MPRINT(TRAIN):   EXPORT='Y';
MPRINT(TRAIN):   NEEDUPDATE='Y';
MPRINT(TRAIN):   EMINFO='';
MPRINT(TRAIN):   EMINFOMODTIME=.;
MPRINT(TRAIN):   end;
MPRINT(TRAIN):   run;

NOTE: There were 6 observations read from the data set EMWS1.FIMPORT_EXPORTSET.
NOTE: The data set EMWS1.FIMPORT_EXPORTSET has 6 observations and 18 variables.
NOTE: DATA statement used (Total process time):
      real time           0.01 seconds
      cpu time            0.01 seconds
      

MPRINT(TRAIN):   proc contents data=EMWS1.FIMPORT_DATA;
MPRINT(TRAIN):   run;

NOTE: PROCEDURE CONTENTS used (Total process time):
      real time           0.01 seconds
      cpu time            0.01 seconds
      
NOTE: The PROCEDURE CONTENTS printed page 2.

MPRINT(TRAIN):   proc datasets library=work nolist;
MPRINT(TRAIN):   delete importfile importattrs new;
MPRINT(TRAIN):   quit;

NOTE: The file WORK.NEW (memtype=DATA) was not found, but appears on a DELETE statement.
NOTE: Deleting WORK.IMPORTFILE (memtype=DATA).
NOTE: Deleting WORK.IMPORTATTRS (memtype=DATA).
NOTE: PROCEDURE DATASETS used (Total process time):
      real time           0.01 seconds
      cpu time            0.01 seconds
      

MPRINT(TRAIN):   run;
MPRINT(TRAIN):   options validvarname=V7;
MPRINT(MAIN):  ;
MPRINT(EM_DIAGRAM):  ;
MPRINT(EM_DIAGRAM):   *------------------------------------------------------------*;
MPRINT(EM_DIAGRAM):   * End TRAIN: FIMPORT;
MPRINT(EM_DIAGRAM):   *------------------------------------------------------------*;
22243      *------------------------------------------------------------*;
22244      * End TRAIN: FIMPORT;
22245      *------------------------------------------------------------*;

22246      *------------------------------------------------------------*;
MPRINT(EM_DIAGRAM):    *------------------------------------------------------------*;
22247      * Close any missing semi colons;
MPRINT(EM_DIAGRAM):   * Close any missing semi colons;
22248      *------------------------------------------------------------*;
MPRINT(EM_DIAGRAM):   *------------------------------------------------------------*;
22249      ;
MPRINT(EM_DIAGRAM):   ;
22250      ;
MPRINT(EM_DIAGRAM):   ;
22251      ;
MPRINT(EM_DIAGRAM):   ;
22252      ;
MPRINT(EM_DIAGRAM):   ;
22253      quit;
MPRINT(EM_DIAGRAM):   quit;
22254      *------------------------------------------------------------*;
MPRINT(EM_DIAGRAM):   *------------------------------------------------------------*;
22255      * Close any unbalanced quotes;
MPRINT(EM_DIAGRAM):   * Close any unbalanced quotes;
22256      *------------------------------------------------------------*;
MPRINT(EM_DIAGRAM):   *------------------------------------------------------------*;
22257      /*; *"; *'; */
22258      ;
MPRINT(EM_DIAGRAM):   ;
22259      run;
MPRINT(EM_DIAGRAM):   run;
22260      quit;
MPRINT(EM_DIAGRAM):   quit;
22261      /* Reset EM Options */
22262      options formchar="|----|+|---+=|-/\<>*";
MPRINT(EM_DIAGRAM):   options formchar="|----|+|---+=|-/\<>*";
22263      options nocenter ls=256 ps=10000;
MPRINT(EM_DIAGRAM):   options nocenter ls=256 ps=10000;
22264      goptions reset=all device=GIF NODISPLAY;
MPRINT(EM_DIAGRAM):   goptions reset=all device=GIF NODISPLAY;
MPRINT(EM_DIAGRAM):    proc printto;
MPRINT(EM_DIAGRAM):   run;
