 
                                                                                                                                                                                                                                                                
 
 
Fit Statistics

Target=SalePrice Target Label=SalePrice

   Fit
Statistics    Statistics Label                           Train        Validation

 _AIC_        Akaike's Information Criterion           4234.06               .  
 _ASE_        Average Squared Error               220468000.88      305527787.56
 _AVERR_      Average Error Function              220468000.88      305527787.56
 _DFE_        Degrees of Freedom for Error              195.00               .  
 _DFM_        Model Degrees of Freedom                   23.00               .  
 _DFT_        Total Degrees of Freedom                  218.00               .  
 _DIV_        Divisor for ASE                           218.00            145.00
 _ERR_        Error Function                    48062024191.08    44301529196.11
 _FPE_        Final Prediction Error              272475836.98               .  
 _MAX_        Maximum Absolute Error                  81083.07          73536.44
 _MSE_        Mean Square Error                   246471918.93      305527787.56
 _NOBS_       Sum of Frequencies                        218.00            145.00
 _NW_         Number of Estimate Weights                 23.00               .  
 _RASE_       Root Average Sum of Squares             14848.16          17479.35
 _RFPE_       Root Final Prediction Error             16506.84               .  
 _RMSE_       Root Mean Squared Error                 15699.42          17479.35
 _SBC_        Schwarz's Bayesian Criterion             4311.90               .  
 _SSE_        Sum of Squared Errors             48062024191.08    44301529196.11
 _SUMW_       Sum of Case Weights Times Freq            218.00            145.00
 
                                                                                                                                                                                                                                                                
 
 
Assessment Score Rankings

Data Role=TRAIN Target Variable=SalePrice Target Label=SalePrice

           Number of       Mean         Mean
Depth    Observations     Target     Predicted

   5          11         95477.18     93940.14
  10          11         82515.82     87194.66
  15          11         85406.91     84453.77
  20          11         79391.64     82179.28
  25          11         82163.27     81115.50
  30          11         79521.27     79695.95
  35          11         82986.45     78607.63
  40          11         82172.18     77666.99
  45          11         84670.73     76477.01
  50          10         73235.30     75612.89
  55          11         75556.91     75011.58
  60          11         69848.45     74251.92
  65          11         69911.45     73565.55
  70          11         70970.64     72639.27
  75          11         68744.73     71858.18
  80          11         69777.00     70852.12
  85          11         66317.18     69804.10
  90          11         71952.27     68371.33
  95          11         67514.45     65001.01
 100          10         59833.50     59889.72


Data Role=VALIDATE Target Variable=SalePrice Target Label=SalePrice

           Number of       Mean         Mean
Depth    Observations     Target     Predicted

   5           8         85514.38     92651.31
  10           7         61807.14     85793.03
  15           7         75179.71     83596.32
  20           7         72808.00     82707.10
  25           8         68658.75     81076.17
  30           7         79411.71     79736.65
  35           7         83215.14     78746.79
  40           7         77453.43     76605.67
  45           8         65246.75     75745.37
  50           7         82395.71     74778.50
  55           7         63278.71     74032.98
  60           7         81283.71     73634.25
  65           8         75908.50     73085.11
  70           7         71288.57     72434.66
  75           7         74144.29     71909.42
  80           7         68851.29     71095.37
  85           8         63927.63     70293.29
  90           7         63413.71     68278.80
  95           7         74905.86     66338.01
 100           7         64711.00     60828.35
 
                                                                                                                                                                                                                                                                
 
 
Assessment Score Distribution

Data Role=TRAIN Target Variable=SalePrice Target Label=SalePrice

                               Mean         Mean        Number of       Model
  Range for Predicted         Target     Predicted    Observations      Score

117155.950 -  120503.000    120503.00    120503.00          1         118829.48
93726.600 -  97073.650       66056.00     95467.49          1          95400.12
90379.550 -  93726.600      105578.40     91917.10          5          92053.08
87032.500 -  90379.550       89453.30     88626.51         10          88706.02
83685.450 -  87032.500       77653.00     85290.77         13          85358.97
80338.400 -  83685.450       82241.20     81884.63         25          82011.92
76991.350 -  80338.400       81242.03     78612.37         34          78664.87
73644.300 -  76991.350       75794.17     75164.68         46          75317.82
70297.250 -  73644.300       69483.75     72065.53         40          71970.77
66950.200 -  70297.250       69041.87     68996.90         23          68623.72
63603.150 -  66950.200       68320.89     64971.18          9          65276.67
60256.100 -  63603.150       59351.83     61864.90          6          61929.62
56909.050 -  60256.100       62358.50     59354.31          4          58582.57
53562.000 -  56909.050       53562.00     53562.00          1          55235.52


Data Role=VALIDATE Target Variable=SalePrice Target Label=SalePrice

                             Mean         Mean        Number of       Model
 Range for Predicted        Target     Predicted    Observations      Score

97585.820 -  99642.869    105271.00     99642.87          1         98614.34
95528.772 -  97585.820     82427.00     96762.61          3         96557.30
87300.579 -  89357.627     83996.67     88082.56          3         88329.10
85243.531 -  87300.579     80051.50     86199.91          6         86272.05
83186.482 -  85243.531     62019.11     83950.89          9         84215.01
81129.434 -  83186.482     72182.36     82351.83         11         82157.96
79072.386 -  81129.434     77617.80     79793.85         15         80100.91
77015.337 -  79072.386     81765.00     77834.80          4         78043.86
74958.289 -  77015.337     73148.41     75905.12         17         75986.81
72901.241 -  74958.289     73503.50     73789.64         24         73929.76
70844.192 -  72901.241     73632.68     71942.79         22         71872.72
68787.144 -  70844.192     62300.45     70197.96         11         69815.67
66730.096 -  68787.144     65162.57     67660.33          7         67758.62
64673.048 -  66730.096     75670.75     66327.85          4         65701.57
62615.999 -  64673.048     72888.67     63875.45          3         63644.52
60558.951 -  62615.999     58790.00     61870.55          1         61587.48
58501.903 -  60558.951     63905.00     59170.07          4         59530.43
